#
# A fatal error has been detected by the Java Runtime Environment:
#
#  SIGBUS (0x7) at pc=0x00007fb6820c7ffe, pid=26, tid=52
#
# JRE version: OpenJDK Runtime Environment GraalVM CE 22.1.0 (17.0.3+7) (build 17.0.3+7-jvmci-22.1-b06)
# Java VM: OpenJDK 64-Bit Server VM GraalVM CE 22.1.0 (17.0.3+7-jvmci-22.1-b06, mixed mode, sharing, tiered, jvmci, jvmci compiler, compressed oops, compressed class ptrs, parallel gc, linux-amd64)
# Problematic frame:
# V  [libjvm.so+0xc2effe]  PerfLongVariant::sample()+0x1e
#
# Core dump will be written. Default location: Core dumps may be processed with "/usr/share/apport/apport -p%p -s%s -c%c -d%d -P%P -u%u -g%g -- %E" (or dumping to /home/runner/ICS4U1-Culminating/core.26)
#
# If you would like to submit a bug report, please visit:
#   https://github.com/oracle/graal/issues
#

---------------  S U M M A R Y ------------

Command Line: -XX:ThreadPriorityPolicy=1 -XX:+UnlockExperimentalVMOptions -XX:+EnableJVMCIProduct -XX:-UnlockExperimentalVMOptions -Declipse.application=org.eclipse.jdt.ls.core.id1 -Dosgi.bundles.defaultStartLevel=4 -Declipse.product=org.eclipse.jdt.ls.core.product -Dlog.level=ALL -Xverify:none -XX:+UseParallelGC -XX:GCTimeRatio=4 -XX:AdaptiveSizePolicyWeight=90 -Dsun.zip.disableMemoryMapping=true -Xmx1024m -Xms100m /nix/store/ay4z1xvwjq4mvkfaqhf03d1iyfh1rk7r-jdt-language-server-1.9.0/share/java/plugins/org.eclipse.equinox.launcher_1.6.400.v20210924-0641.jar --add-modules=ALL-SYSTEM --add-opens java.base/java.util=ALL-UNNAMED --add-opens java.base/java.lang=ALL-UNNAMED -configuration /home/runner/.cache/jdt-language-server/config -data /home/runner/.cache/jdt-language-server/data/home/runner/ICS4U1-Culminating

Host: AMD EPYC 7B12, 16 cores, 4G, Ubuntu 20.04.2 LTS
Time: Sat Jan 21 08:41:31 2023 UTC elapsed time: 161.562698 seconds (0d 0h 2m 41s)

---------------  T H R E A D  ---------------

Current thread (0x00007fb67c181d80):  WatcherThread [stack: 0x00007fb64b600000,0x00007fb64b700000] [id=52]

Stack: [0x00007fb64b600000,0x00007fb64b700000],  sp=0x00007fb64b6fecc0,  free space=1019k
Native frames: (J=compiled Java code, j=interpreted, Vv=VM code, C=native code)
V  [libjvm.so+0xc2effe]  PerfLongVariant::sample()+0x1e
V  [libjvm.so+0xcdbd02]  StatSamplerTask::task()+0x32
V  [libjvm.so+0xd5c9ac]  PeriodicTask::real_time_tick(int)+0x5c
V  [libjvm.so+0xbc3ce7]  WatcherThread::run()+0x47
V  [libjvm.so+0xd9b2ce]  Thread::call_run()+0xde
V  [libjvm.so+0xbf0dd1]  thread_native_entry(Thread*)+0xe1


siginfo: si_signo: 7 (SIGBUS), si_code: 2 (BUS_ADRERR), si_addr: 0x00007fb681290ea8

Register to memory mapping:

RAX=0x00000000004bf030 is an unknown value
RBX=0x00007fb681290ea8 points into unknown readable memory: 0x00000000004bf030 | 30 f0 4b 00 00 00 00 00
RCX=0x0000000000000002 is an unknown value
RDX=0x0000000000000001 is an unknown value
RSP=0x00007fb64b6fecc0 points into unknown readable memory: 0x00007fb64b6fecf0 | f0 ec 6f 4b b6 7f 00 00
RBP=0x00007fb64b6fecd0 points into unknown readable memory: 0x00007fb64b6fecf0 | f0 ec 6f 4b b6 7f 00 00
RSI=0x0 is NULL
RDI=0x00007fb67c021928 points into unknown readable memory: 0x0000000000000000 | 00 00 00 00 00 00 00 00
R8 =0x00007fb67c03c760 points into unknown readable memory: 0x00007fb6825df378 | 78 f3 5d 82 b6 7f 00 00
R9 =0x0000000000009f43 is an unknown value
R10=0x0 is NULL
R11=0x0000000000000246 is an unknown value
R12=0x00007fb67c181ca0 points into unknown readable memory: 0x00007fb67c181cc0 | c0 1c 18 7c b6 7f 00 00
R13=0x0000000000000001 is an unknown value
R14=0x0000000000000002 is an unknown value
R15=0x00007fb6826ef200: <offset 0x0000000001256200> in /nix/store/nfyj24p265scn3zp0pk0fm4rr5g7s2pf-graalvm17-ce-22.1.0/lib/server/libjvm.so at 0x00007fb681499000


Registers:
RAX=0x00000000004bf030, RBX=0x00007fb681290ea8, RCX=0x0000000000000002, RDX=0x0000000000000001
RSP=0x00007fb64b6fecc0, RBP=0x00007fb64b6fecd0, RSI=0x0000000000000000, RDI=0x00007fb67c021928
R8 =0x00007fb67c03c760, R9 =0x0000000000009f43, R10=0x0000000000000000, R11=0x0000000000000246
R12=0x00007fb67c181ca0, R13=0x0000000000000001, R14=0x0000000000000002, R15=0x00007fb6826ef200
RIP=0x00007fb6820c7ffe, EFLAGS=0x0000000000010202, CSGSFS=0x002b000000000033, ERR=0x0000000000000007
  TRAPNO=0x000000000000000e

Top of Stack: (sp=0x00007fb64b6fecc0)
0x00007fb64b6fecc0:   00007fb64b6fecf0 0000000000000001
0x00007fb64b6fecd0:   00007fb64b6fecf0 00007fb682174d02
0x00007fb64b6fece0:   0000000000000032 0000000000000032
0x00007fb64b6fecf0:   00007fb64b6fed40 00007fb6821f59ac 

Instructions: (pc=0x00007fb6820c7ffe)
0x00007fb6820c7efe:   66 90 31 f6 4c 89 e7 e8 06 d4 16 00 e9 7f ff ff
0x00007fb6820c7f0e:   ff 90 31 f6 4c 89 e7 e8 f6 d3 16 00 e9 12 ff ff
0x00007fb6820c7f1e:   ff 90 31 f6 4c 89 e7 e8 e6 d3 16 00 e9 96 fe ff
0x00007fb6820c7f2e:   ff 90 be 01 00 00 00 4c 89 e7 e8 33 06 07 00 e9
0x00007fb6820c7f3e:   63 fe ff ff 66 0f 1f 44 00 00 be 01 00 00 00 4c
0x00007fb6820c7f4e:   89 e7 e8 1b 06 07 00 e9 1c ff ff ff 66 0f 1f 44
0x00007fb6820c7f5e:   00 00 48 8d 05 a1 c3 5b 00 48 8d 0d d2 dc 29 00
0x00007fb6820c7f6e:   48 8d 15 e1 dc 29 00 be 44 01 00 00 48 8d 3d c7
0x00007fb6820c7f7e:   eb 2e 00 48 8b 00 c6 00 58 31 c0 e8 02 96 9a ff
0x00007fb6820c7f8e:   e8 4d c6 fb ff e9 bd fe ff ff 0f 1f 84 00 00 00
0x00007fb6820c7f9e:   00 00 be 01 00 00 00 4c 89 e7 e8 c3 05 07 00 e9
0x00007fb6820c7fae:   53 fe ff ff 66 0f 1f 44 00 00 4c 89 e7 45 31 e4
0x00007fb6820c7fbe:   e8 8d 7d 16 00 e9 bc fd ff ff 0f 1f 84 00 00 00
0x00007fb6820c7fce:   00 00 66 66 66 66 66 66 2e 0f 1f 84 00 00 00 00
0x00007fb6820c7fde:   00 00 4c 8b 47 38 4d 85 c0 74 27 55 48 89 e5 53
0x00007fb6820c7fee:   48 83 ec 08 49 8b 00 48 8b 5f 28 4c 89 c7 ff 10
0x00007fb6820c7ffe:   48 89 03 48 8b 5d f8 c9 c3 66 0f 1f 84 00 00 00
0x00007fb6820c800e:   00 00 c3 90 66 66 2e 0f 1f 84 00 00 00 00 00 0f
0x00007fb6820c801e:   1f 00 49 89 f8 48 89 f7 48 63 f2 49 8b 40 28 48
0x00007fb6820c802e:   8d 15 0c 18 28 00 48 8b 08 31 c0 e9 c2 6c 61 ff
0x00007fb6820c803e:   66 90 49 89 f8 31 c0 48 89 f7 48 63 f2 49 8b 48
0x00007fb6820c804e:   28 48 8d 15 dd 87 27 00 e9 a5 6c 61 ff 90 0f 1f
0x00007fb6820c805e:   40 00 55 48 8d 05 48 3e 5b 00 66 41 0f 6e c0 66
0x00007fb6820c806e:   0f 6e c9 66 0f 62 c1 48 89 e5 41 57 49 89 d7 41
0x00007fb6820c807e:   56 41 55 4c 63 ee 41 54 53 48 89 fb 48 83 ec 18
0x00007fb6820c808e:   48 89 07 48 8d 05 68 05 5d 00 48 c7 47 08 00 00
0x00007fb6820c809e:   00 00 4e 8b 34 e8 c6 47 18 00 48 c7 47 28 00 00
0x00007fb6820c80ae:   00 00 66 0f d6 47 10 48 89 d7 e8 73 6c 61 ff 4c
0x00007fb6820c80be:   89 f7 48 89 45 c8 e8 67 6c 61 ff 48 8b 55 c8 be
0x00007fb6820c80ce:   08 00 00 00 48 8d 7c 02 02 31 d2 e8 02 07 77 ff
0x00007fb6820c80de:   48 89 43 08 48 89 c7 41 83 fd 18 74 55 4c 89 f2
0x00007fb6820c80ee:   4c 89 f9 48 8d 35 12 49 28 00 31 c0 e8 11 6e 61 


Stack slot to memory mapping:
stack at sp + 0 slots: 0x00007fb64b6fecf0 points into unknown readable memory: 0x00007fb64b6fed40 | 40 ed 6f 4b b6 7f 00 00
stack at sp + 1 slots: 0x0000000000000001 is an unknown value
stack at sp + 2 slots: 0x00007fb64b6fecf0 points into unknown readable memory: 0x00007fb64b6fed40 | 40 ed 6f 4b b6 7f 00 00
stack at sp + 3 slots: 0x00007fb682174d02: <offset 0x0000000000cdbd02> in /nix/store/nfyj24p265scn3zp0pk0fm4rr5g7s2pf-graalvm17-ce-22.1.0/lib/server/libjvm.so at 0x00007fb681499000
stack at sp + 4 slots: 0x0000000000000032 is an unknown value
stack at sp + 5 slots: 0x0000000000000032 is an unknown value
stack at sp + 6 slots: 0x00007fb64b6fed40 points into unknown readable memory: 0x00007fb64b6fedc0 | c0 ed 6f 4b b6 7f 00 00
stack at sp + 7 slots: 0x00007fb6821f59ac: <offset 0x0000000000d5c9ac> in /nix/store/nfyj24p265scn3zp0pk0fm4rr5g7s2pf-graalvm17-ce-22.1.0/lib/server/libjvm.so at 0x00007fb681499000


---------------  P R O C E S S  ---------------

Threads class SMR info:
_java_thread_list=0x00007fb618004a70, length=24, elements={
0x00007fb67c023eb0, 0x00007fb67c106eb0, 0x00007fb67c1082e0, 0x00007fb67c10ea10,
0x00007fb67c10fd90, 0x00007fb67c111170, 0x00007fb67c112b00, 0x00007fb67c114000,
0x00007fb67c115440, 0x00007fb67c137f40, 0x00007fb67c1803f0, 0x00007fb620043210,
0x00007fb67c352d20, 0x00007fb67c385d60, 0x00007fb67c3880e0, 0x00007fb67c64d500,
0x00007fb5f001c6a0, 0x00007fb5f02ad140, 0x00007fb5d0000e40, 0x00007fb5f048f0e0,
0x00007fb5f06ea350, 0x00007fb67c4bc5b0, 0x00007fb67c4029f0, 0x00007fb5cc0045f0
}

Java Threads: ( => current thread )
  0x00007fb67c023eb0 JavaThread "main" [_thread_blocked, id=39, stack(0x00007fb6812bb000,0x00007fb6813bb000)]
  0x00007fb67c106eb0 JavaThread "Reference Handler" daemon [_thread_blocked, id=42, stack(0x00007fb660d42000,0x00007fb660e42000)]
  0x00007fb67c1082e0 JavaThread "Finalizer" daemon [_thread_blocked, id=43, stack(0x00007fb660c42000,0x00007fb660d42000)]
  0x00007fb67c10ea10 JavaThread "Signal Dispatcher" daemon [_thread_blocked, id=44, stack(0x00007fb66001a000,0x00007fb66011a000)]
  0x00007fb67c10fd90 JavaThread "Service Thread" daemon [_thread_blocked, id=45, stack(0x00007fb64bf00000,0x00007fb64c000000)]
  0x00007fb67c111170 JavaThread "Monitor Deflation Thread" daemon [_thread_blocked, id=46, stack(0x00007fb64be00000,0x00007fb64bf00000)]
  0x00007fb67c112b00 JavaThread "JVMCI-native CompilerThread0" daemon [_thread_blocked, id=47, stack(0x00007fb64bc00000,0x00007fb64be00000)]
  0x00007fb67c114000 JavaThread "C1 CompilerThread0" daemon [_thread_blocked, id=48, stack(0x00007fb64ba00000,0x00007fb64bc00000)]
  0x00007fb67c115440 JavaThread "Sweeper thread" daemon [_thread_blocked, id=49, stack(0x00007fb64b900000,0x00007fb64ba00000)]
  0x00007fb67c137f40 JavaThread "Common-Cleaner" daemon [_thread_blocked, id=50, stack(0x00007fb64b800000,0x00007fb64b900000)]
  0x00007fb67c1803f0 JavaThread "Notification Thread" daemon [_thread_blocked, id=51, stack(0x00007fb64b700000,0x00007fb64b800000)]
  0x00007fb620043210 JavaThread "Libgraal MBean Registration" daemon [_thread_blocked, id=66, stack(0x00007fb648200000,0x00007fb648300000)]
  0x00007fb67c352d20 JavaThread "Active Thread: Equinox Container: e33bc84e-471f-4fc3-b77d-6788e989a43d" [_thread_blocked, id=70, stack(0x00007fb62a700000,0x00007fb62a800000)]
  0x00007fb67c385d60 JavaThread "Framework Event Dispatcher: Equinox Container: e33bc84e-471f-4fc3-b77d-6788e989a43d" daemon [_thread_blocked, id=74, stack(0x00007fb62a500000,0x00007fb62a600000)]
  0x00007fb67c3880e0 JavaThread "Start Level: Equinox Container: e33bc84e-471f-4fc3-b77d-6788e989a43d" daemon [_thread_blocked, id=75, stack(0x00007fb62a300000,0x00007fb62a400000)]
  0x00007fb67c64d500 JavaThread "Refresh Thread: Equinox Container: e33bc84e-471f-4fc3-b77d-6788e989a43d" daemon [_thread_blocked, id=76, stack(0x00007fb62a100000,0x00007fb62a200000)]
  0x00007fb5f001c6a0 JavaThread "SCR Component Actor" daemon [_thread_blocked, id=77, stack(0x00007fb629f00000,0x00007fb62a000000)]
  0x00007fb5f02ad140 JavaThread "Worker-JM" [_thread_blocked, id=88, stack(0x00007fb629d00000,0x00007fb629e00000)]
  0x00007fb5d0000e40 JavaThread "Worker-1" [_thread_blocked, id=90, stack(0x00007fb629900000,0x00007fb629a00000)]
  0x00007fb5f048f0e0 JavaThread "Java indexing" daemon [_thread_blocked, id=91, stack(0x00007fb629700000,0x00007fb629800000)]
  0x00007fb5f06ea350 JavaThread "Bundle File Closer" daemon [_thread_blocked, id=93, stack(0x00007fb629300000,0x00007fb629400000)]
  0x00007fb67c4bc5b0 JavaThread "pool-3-thread-1" [_thread_blocked, id=104, stack(0x00007fb62a400000,0x00007fb62a500000)]
  0x00007fb67c4029f0 JavaThread "pool-2-thread-1" [_thread_in_native, id=116, stack(0x00007fb629c00000,0x00007fb629d00000)]
  0x00007fb5cc0045f0 JavaThread "Worker-3" [_thread_blocked, id=119, stack(0x00007fb629100000,0x00007fb629200000)]

Other Threads:
  0x00007fb67c102650 VMThread "VM Thread" [stack: 0x00007fb660e44000,0x00007fb660f44000] [id=41]
=>0x00007fb67c181d80 WatcherThread [stack: 0x00007fb64b600000,0x00007fb64b700000] [id=52]
  0x00007fb67c03b6e0 GCTaskThread "GC Thread#0" [stack: 0x00007fb680d7e000,0x00007fb680e7e000] [id=40]
  0x00007fb6540011e0 GCTaskThread "GC Thread#1" [stack: 0x00007fb61cd00000,0x00007fb61ce00000] [id=71]
  0x00007fb654001be0 GCTaskThread "GC Thread#2" [stack: 0x00007fb61cbfe000,0x00007fb61ccfe000] [id=72]
  0x00007fb6540025e0 GCTaskThread "GC Thread#3" [stack: 0x00007fb61cafc000,0x00007fb61cbfc000] [id=73]

Threads with active compile tasks:

VM state: not at safepoint (normal execution)

VM Mutex/Monitor currently owned by a thread:  ([mutex/lock_event])
[0x00007fb67c022590] PeriodicTask_lock - owner thread: 0x00007fb67c181d80

Heap address: 0x00000000c0000000, size: 1024 MB, Compressed Oops mode: 32-bit

CDS archive(s) mapped at: [0x0000000800000000-0x0000000800bc6000-0x0000000800bc6000), size 12345344, SharedBaseAddress: 0x0000000800000000, ArchiveRelocationMode: 0.
Compressed class space mapped at: 0x0000000800c00000-0x0000000840c00000, reserved size: 1073741824
Narrow klass base: 0x0000000800000000, Narrow klass shift: 0, Narrow klass range: 0x100000000

GC Precious Log:
 CPUs: 16 total, 4 available
 Memory: 4096M
 Large Page Support: Disabled
 NUMA Support: Disabled
 Compressed Oops: Enabled (32-bit)
 Alignments: Space 512K, Generation 512K, Heap 2M
 Heap Min Capacity: 100M
 Heap Initial Capacity: 100M
 Heap Max Capacity: 1G
 Pre-touch: Disabled
 Parallel Workers: 4

Heap:
 PSYoungGen      total 13824K, used 11975K [0x00000000eab00000, 0x00000000ec480000, 0x0000000100000000)
  eden space 6656K, 73% used [0x00000000eab00000,0x00000000eafbf030,0x00000000eb180000)
  from space 7168K, 99% used [0x00000000ebd80000,0x00000000ec472d48,0x00000000ec480000)
  to   space 8704K, 0% used [0x00000000eb380000,0x00000000eb380000,0x00000000ebc00000)
 ParOldGen       total 321024K, used 203609K [0x00000000c0000000, 0x00000000d3980000, 0x00000000eab00000)
  object space 321024K, 63% used [0x00000000c0000000,0x00000000cc6d66b0,0x00000000d3980000)
 Metaspace       used 44703K, committed 45440K, reserved 1089536K
  class space    used 4620K, committed 4928K, reserved 1048576K

Card table byte_map: [0x00007fb680e7e000,0x00007fb68107f000] _byte_map_base: 0x00007fb68087e000

Marking Bits: (ParMarkBitMap*) 0x00007fb6826e58e0
 Begin Bits: [0x00007fb66164b000, 0x00007fb66264b000)
 End Bits:   [0x00007fb66264b000, 0x00007fb66364b000)

Polling page: 0x00007fb681298000

Metaspace:

Usage:
  Non-class:     39.14 MB used.
      Class:      4.51 MB used.
       Both:     43.66 MB used.

Virtual space:
  Non-class space:       40.00 MB reserved,      39.56 MB ( 99%) committed,  5 nodes.
      Class space:        1.00 GB reserved,       4.81 MB ( <1%) committed,  1 nodes.
             Both:        1.04 GB reserved,      44.38 MB (  4%) committed. 

Chunk freelists:
   Non-Class:  256.00 KB
       Class:  3.14 MB
        Both:  3.39 MB

MaxMetaspaceSize: unlimited
CompressedClassSpaceSize: 1.00 GB
Initial GC threshold: 21.00 MB
Current GC threshold: 73.69 MB
CDS: on
MetaspaceReclaimPolicy: balanced
 - commit_granule_bytes: 65536.
 - commit_granule_words: 8192.
 - virtual_space_node_default_size: 1048576.
 - enlarge_chunks_in_place: 1.
 - new_chunks_are_fully_committed: 0.
 - uncommit_free_chunks: 1.
 - use_allocation_guard: 0.
 - handle_deallocations: 1.


Internal statistics:

num_allocs_failed_limit: 6.
num_arena_births: 312.
num_arena_deaths: 0.
num_vsnodes_births: 6.
num_vsnodes_deaths: 0.
num_space_committed: 710.
num_space_uncommitted: 0.
num_chunks_returned_to_freelist: 6.
num_chunks_taken_from_freelist: 1869.
num_chunk_merges: 6.
num_chunk_splits: 1223.
num_chunks_enlarged: 805.
num_purges: 0.
num_inconsistent_stats: 0.

CodeHeap 'non-profiled nmethods': size=120032Kb used=2878Kb max_used=2878Kb free=117153Kb
 bounds [0x00007fb66b113000, 0x00007fb66b3e3000, 0x00007fb67264b000]
CodeHeap 'profiled nmethods': size=120028Kb used=12325Kb max_used=12334Kb free=107702Kb
 bounds [0x00007fb663bdc000, 0x00007fb66480c000, 0x00007fb66b113000]
CodeHeap 'non-nmethods': size=5700Kb used=1332Kb max_used=1356Kb free=4367Kb
 bounds [0x00007fb66364b000, 0x00007fb6638bb000, 0x00007fb663bdc000]
 total_blobs=5750 nmethods=5095 adapters=569
 compilation: enabled
              stopped_count=0, restarted_count=0
 full_count=0

JVMCI Events (8 events):
Event: 0.277 Thread 0x00007fb67c023eb0 created new JVMCI runtime 0 (0x00007fb67c0581c0)
Event: 0.277 Thread 0x00007fb67c023eb0 created new JVMCI runtime -1 (0x00007fb67c058230)
Event: 0.488 Thread 0x00007fb67c112b00 loaded JVMCI shared library from /nix/store/nfyj24p265scn3zp0pk0fm4rr5g7s2pf-graalvm17-ce-22.1.0/lib/libjvmcicompiler.so
Event: 0.657 Thread 0x00007fb67c112b00 created JavaVM[1]@0x00007fb62ba9e278 for JVMCI runtime 0
Event: 0.657 Thread 0x00007fb67c112b00 initializing JVMCI runtime 0
Event: 0.736 Thread 0x00007fb67c112b00 initialized JVMCI runtime 0
Event: 1.929 Thread 0x00007fb620000eb0 initializing JVMCI runtime -1
Event: 1.948 Thread 0x00007fb620000eb0 initialized JVMCI runtime -1

Compilation events (20 events):
Event: 32.098 Thread 0x00007fb67c112b00 nmethod 5980 0x00007fb66b3de210 code [0x00007fb66b3de3c0, 0x00007fb66b3de830]
Event: 32.098 Thread 0x00007fb67c112b00 5979       4       java.util.HashMap$Node::hashCode (16 bytes)
Event: 32.099 Thread 0x00007fb64008ef40 nmethod 5975 0x00007fb66b3dea90 code [0x00007fb66b3dec20, 0x00007fb66b3deeb0]
Event: 32.099 Thread 0x00007fb64008ef40 5984       4       org.osgi.framework.Version::hashCode (65 bytes)
Event: 32.101 Thread 0x00007fb64008ef40 nmethod 5984 0x00007fb66b3df010 code [0x00007fb66b3df1a0, 0x00007fb66b3df290]
Event: 32.101 Thread 0x00007fb64008ef40 5960       4       java.util.Collections$UnmodifiableCollection::<init> (22 bytes)
Event: 32.102 Thread 0x00007fb64008ef40 nmethod 5960 0x00007fb66b3df390 code [0x00007fb66b3df500, 0x00007fb66b3df588]
Event: 32.102 Thread 0x00007fb64008ef40 5955       4       java.util.Collections$UnmodifiableMap$UnmodifiableEntrySet$1::hasNext (10 bytes)
Event: 32.105 Thread 0x00007fb64008ef40 nmethod 5955 0x00007fb66b3df690 code [0x00007fb66b3df840, 0x00007fb66b3df938]
Event: 32.105 Thread 0x00007fb64008ef40 5988       4       org.eclipse.osgi.container.ModuleDatabase$Persistence::writeString (99 bytes)
Event: 32.115 Thread 0x00007fb67c112b00 nmethod 5979 0x00007fb66b3dfa90 code [0x00007fb66b3dfc20, 0x00007fb66b3e02d8]
Event: 32.115 Thread 0x00007fb67c112b00 5961       4       java.lang.Integer::valueOf (32 bytes)
Event: 32.118 Thread 0x00007fb67c112b00 nmethod 5961 0x00007fb66b3e0490 code [0x00007fb66b3e0620, 0x00007fb66b3e0700]
Event: 32.118 Thread 0x00007fb67c112b00 5957       4       java.util.Collections$UnmodifiableMap$UnmodifiableEntrySet$1::next (5 bytes)
Event: 32.126 Thread 0x00007fb64008ef40 nmethod 5988 0x00007fb66b3e0810 code [0x00007fb66b3e0a20, 0x00007fb66b3e1430]
Event: 32.126 Thread 0x00007fb64008ef40 5958       4       java.util.Collections$UnmodifiableMap$UnmodifiableEntrySet$UnmodifiableEntry::getKey (10 bytes)
Event: 32.128 Thread 0x00007fb64008ef40 nmethod 5958 0x00007fb66b3e1a10 code [0x00007fb66b3e1bc0, 0x00007fb66b3e1cb0]
Event: 32.129 Thread 0x00007fb67c112b00 nmethod 5957 0x00007fb66b3e1e10 code [0x00007fb66b3e1fe0, 0x00007fb66b3e23b0]
Event: 56.216 Thread 0x00007fb67c114000 5997       3       java.util.concurrent.ThreadPoolExecutor::runStateAtLeast (11 bytes)
Event: 56.217 Thread 0x00007fb67c114000 nmethod 5997 0x00007fb66450e190 code [0x00007fb66450e320, 0x00007fb66450e470]

GC Heap History (20 events):
Event: 18.216 GC heap before
{Heap before GC invocations=95 (full 8):
 PSYoungGen      total 71680K, used 47616K [0x00000000eab00000, 0x00000000f0980000, 0x0000000100000000)
  eden space 47616K, 100% used [0x00000000eab00000,0x00000000ed980000,0x00000000ed980000)
  from space 24064K, 0% used [0x00000000ef200000,0x00000000ef200000,0x00000000f0980000)
  to   space 24576K, 0% used [0x00000000ed980000,0x00000000ed980000,0x00000000ef180000)
 ParOldGen       total 422912K, used 321468K [0x00000000c0000000, 0x00000000d9d00000, 0x00000000eab00000)
  object space 422912K, 76% used [0x00000000c0000000,0x00000000d39ef388,0x00000000d9d00000)
 Metaspace       used 44215K, committed 44992K, reserved 1089536K
  class space    used 4582K, committed 4928K, reserved 1048576K
}
Event: 18.226 GC heap after
{Heap after GC invocations=95 (full 8):
 PSYoungGen      total 64512K, used 16629K [0x00000000eab00000, 0x00000000f0280000, 0x0000000100000000)
  eden space 47616K, 0% used [0x00000000eab00000,0x00000000eab00000,0x00000000ed980000)
  from space 16896K, 98% used [0x00000000ed980000,0x00000000ee9bd7b0,0x00000000eea00000)
  to   space 18944K, 0% used [0x00000000ef000000,0x00000000ef000000,0x00000000f0280000)
 ParOldGen       total 422912K, used 321468K [0x00000000c0000000, 0x00000000d9d00000, 0x00000000eab00000)
  object space 422912K, 76% used [0x00000000c0000000,0x00000000d39ef388,0x00000000d9d00000)
 Metaspace       used 44215K, committed 44992K, reserved 1089536K
  class space    used 4582K, committed 4928K, reserved 1048576K
}
Event: 19.098 GC heap before
{Heap before GC invocations=96 (full 8):
 PSYoungGen      total 64512K, used 64245K [0x00000000eab00000, 0x00000000f0280000, 0x0000000100000000)
  eden space 47616K, 100% used [0x00000000eab00000,0x00000000ed980000,0x00000000ed980000)
  from space 16896K, 98% used [0x00000000ed980000,0x00000000ee9bd7b0,0x00000000eea00000)
  to   space 18944K, 0% used [0x00000000ef000000,0x00000000ef000000,0x00000000f0280000)
 ParOldGen       total 422912K, used 321468K [0x00000000c0000000, 0x00000000d9d00000, 0x00000000eab00000)
  object space 422912K, 76% used [0x00000000c0000000,0x00000000d39ef388,0x00000000d9d00000)
 Metaspace       used 44219K, committed 44992K, reserved 1089536K
  class space    used 4582K, committed 4928K, reserved 1048576K
}
Event: 19.139 GC heap after
{Heap after GC invocations=96 (full 8):
 PSYoungGen      total 35328K, used 18927K [0x00000000eab00000, 0x00000000f4700000, 0x0000000100000000)
  eden space 16384K, 0% used [0x00000000eab00000,0x00000000eab00000,0x00000000ebb00000)
  from space 18944K, 99% used [0x00000000ef000000,0x00000000f027be58,0x00000000f0280000)
  to   space 54272K, 0% used [0x00000000ebb00000,0x00000000ebb00000,0x00000000ef000000)
 ParOldGen       total 422912K, used 350895K [0x00000000c0000000, 0x00000000d9d00000, 0x00000000eab00000)
  object space 422912K, 82% used [0x00000000c0000000,0x00000000d56abfa0,0x00000000d9d00000)
 Metaspace       used 44219K, committed 44992K, reserved 1089536K
  class space    used 4582K, committed 4928K, reserved 1048576K
}
Event: 19.536 GC heap before
{Heap before GC invocations=97 (full 8):
 PSYoungGen      total 35328K, used 35311K [0x00000000eab00000, 0x00000000f4700000, 0x0000000100000000)
  eden space 16384K, 100% used [0x00000000eab00000,0x00000000ebb00000,0x00000000ebb00000)
  from space 18944K, 99% used [0x00000000ef000000,0x00000000f027be58,0x00000000f0280000)
  to   space 54272K, 0% used [0x00000000ebb00000,0x00000000ebb00000,0x00000000ef000000)
 ParOldGen       total 422912K, used 350895K [0x00000000c0000000, 0x00000000d9d00000, 0x00000000eab00000)
  object space 422912K, 82% used [0x00000000c0000000,0x00000000d56abfa0,0x00000000d9d00000)
 Metaspace       used 44219K, committed 44992K, reserved 1089536K
  class space    used 4582K, committed 4928K, reserved 1048576K
}
Event: 19.568 GC heap after
{Heap after GC invocations=97 (full 8):
 PSYoungGen      total 32768K, used 16316K [0x00000000eab00000, 0x00000000ef380000, 0x0000000100000000)
  eden space 16384K, 0% used [0x00000000eab00000,0x00000000eab00000,0x00000000ebb00000)
  from space 16384K, 99% used [0x00000000ebb00000,0x00000000ecaef1e0,0x00000000ecb00000)
  to   space 28160K, 0% used [0x00000000ed800000,0x00000000ed800000,0x00000000ef380000)
 ParOldGen       total 422912K, used 367744K [0x00000000c0000000, 0x00000000d9d00000, 0x00000000eab00000)
  object space 422912K, 86% used [0x00000000c0000000,0x00000000d67203d0,0x00000000d9d00000)
 Metaspace       used 44219K, committed 44992K, reserved 1089536K
  class space    used 4582K, committed 4928K, reserved 1048576K
}
Event: 19.967 GC heap before
{Heap before GC invocations=98 (full 8):
 PSYoungGen      total 32768K, used 32700K [0x00000000eab00000, 0x00000000ef380000, 0x0000000100000000)
  eden space 16384K, 100% used [0x00000000eab00000,0x00000000ebb00000,0x00000000ebb00000)
  from space 16384K, 99% used [0x00000000ebb00000,0x00000000ecaef1e0,0x00000000ecb00000)
  to   space 28160K, 0% used [0x00000000ed800000,0x00000000ed800000,0x00000000ef380000)
 ParOldGen       total 422912K, used 367744K [0x00000000c0000000, 0x00000000d9d00000, 0x00000000eab00000)
  object space 422912K, 86% used [0x00000000c0000000,0x00000000d67203d0,0x00000000d9d00000)
 Metaspace       used 44260K, committed 45056K, reserved 1089536K
  class space    used 4582K, committed 4928K, reserved 1048576K
}
Event: 20.013 GC heap after
{Heap after GC invocations=98 (full 8):
 PSYoungGen      total 40960K, used 28129K [0x00000000eab00000, 0x00000000efd80000, 0x0000000100000000)
  eden space 12800K, 0% used [0x00000000eab00000,0x00000000eab00000,0x00000000eb780000)
  from space 28160K, 99% used [0x00000000ed800000,0x00000000ef3787b0,0x00000000ef380000)
  to   space 33280K, 0% used [0x00000000eb780000,0x00000000eb780000,0x00000000ed800000)
 ParOldGen       total 422912K, used 370031K [0x00000000c0000000, 0x00000000d9d00000, 0x00000000eab00000)
  object space 422912K, 87% used [0x00000000c0000000,0x00000000d695bd58,0x00000000d9d00000)
 Metaspace       used 44260K, committed 45056K, reserved 1089536K
  class space    used 4582K, committed 4928K, reserved 1048576K
}
Event: 20.751 GC heap before
{Heap before GC invocations=99 (full 8):
 PSYoungGen      total 40960K, used 40929K [0x00000000eab00000, 0x00000000efd80000, 0x0000000100000000)
  eden space 12800K, 100% used [0x00000000eab00000,0x00000000eb780000,0x00000000eb780000)
  from space 28160K, 99% used [0x00000000ed800000,0x00000000ef3787b0,0x00000000ef380000)
  to   space 33280K, 0% used [0x00000000eb780000,0x00000000eb780000,0x00000000ed800000)
 ParOldGen       total 422912K, used 370031K [0x00000000c0000000, 0x00000000d9d00000, 0x00000000eab00000)
  object space 422912K, 87% used [0x00000000c0000000,0x00000000d695bd58,0x00000000d9d00000)
 Metaspace       used 44495K, committed 45248K, reserved 1089536K
  class space    used 4615K, committed 4928K, reserved 1048576K
}
Event: 20.784 GC heap after
{Heap after GC invocations=99 (full 8):
 PSYoungGen      total 19968K, used 7075K [0x00000000eab00000, 0x00000000ed880000, 0x0000000100000000)
  eden space 12800K, 0% used [0x00000000eab00000,0x00000000eab00000,0x00000000eb780000)
  from space 7168K, 98% used [0x00000000eb780000,0x00000000ebe68d40,0x00000000ebe80000)
  to   space 15872K, 0% used [0x00000000ec900000,0x00000000ec900000,0x00000000ed880000)
 ParOldGen       total 422912K, used 395620K [0x00000000c0000000, 0x00000000d9d00000, 0x00000000eab00000)
  object space 422912K, 93% used [0x00000000c0000000,0x00000000d8259068,0x00000000d9d00000)
 Metaspace       used 44495K, committed 45248K, reserved 1089536K
  class space    used 4615K, committed 4928K, reserved 1048576K
}
Event: 20.784 GC heap before
{Heap before GC invocations=100 (full 9):
 PSYoungGen      total 19968K, used 7075K [0x00000000eab00000, 0x00000000ed880000, 0x0000000100000000)
  eden space 12800K, 0% used [0x00000000eab00000,0x00000000eab00000,0x00000000eb780000)
  from space 7168K, 98% used [0x00000000eb780000,0x00000000ebe68d40,0x00000000ebe80000)
  to   space 15872K, 0% used [0x00000000ec900000,0x00000000ec900000,0x00000000ed880000)
 ParOldGen       total 422912K, used 395620K [0x00000000c0000000, 0x00000000d9d00000, 0x00000000eab00000)
  object space 422912K, 93% used [0x00000000c0000000,0x00000000d8259068,0x00000000d9d00000)
 Metaspace       used 44495K, committed 45248K, reserved 1089536K
  class space    used 4615K, committed 4928K, reserved 1048576K
}
Event: 20.869 GC heap after
{Heap after GC invocations=100 (full 9):
 PSYoungGen      total 28672K, used 0K [0x00000000eab00000, 0x00000000ed780000, 0x0000000100000000)
  eden space 13824K, 0% used [0x00000000eab00000,0x00000000eab00000,0x00000000eb880000)
  from space 14848K, 0% used [0x00000000ec900000,0x00000000ec900000,0x00000000ed780000)
  to   space 15872K, 0% used [0x00000000eb880000,0x00000000eb880000,0x00000000ec800000)
 ParOldGen       total 321024K, used 187726K [0x00000000c0000000, 0x00000000d3980000, 0x00000000eab00000)
  object space 321024K, 58% used [0x00000000c0000000,0x00000000cb7539b8,0x00000000d3980000)
 Metaspace       used 44495K, committed 45248K, reserved 1089536K
  class space    used 4615K, committed 4928K, reserved 1048576K
}
Event: 20.883 GC heap before
{Heap before GC invocations=101 (full 9):
 PSYoungGen      total 28672K, used 13824K [0x00000000eab00000, 0x00000000ed780000, 0x0000000100000000)
  eden space 13824K, 100% used [0x00000000eab00000,0x00000000eb880000,0x00000000eb880000)
  from space 14848K, 0% used [0x00000000ec900000,0x00000000ec900000,0x00000000ed780000)
  to   space 15872K, 0% used [0x00000000eb880000,0x00000000eb880000,0x00000000ec800000)
 ParOldGen       total 321024K, used 187726K [0x00000000c0000000, 0x00000000d3980000, 0x00000000eab00000)
  object space 321024K, 58% used [0x00000000c0000000,0x00000000cb7539b8,0x00000000d3980000)
 Metaspace       used 44499K, committed 45248K, reserved 1089536K
  class space    used 4615K, committed 4928K, reserved 1048576K
}
Event: 20.894 GC heap after
{Heap after GC invocations=101 (full 9):
 PSYoungGen      total 17408K, used 3136K [0x00000000eab00000, 0x00000000ec980000, 0x0000000100000000)
  eden space 13824K, 0% used [0x00000000eab00000,0x00000000eab00000,0x00000000eb880000)
  from space 3584K, 87% used [0x00000000eb880000,0x00000000ebb90000,0x00000000ebc00000)
  to   space 6144K, 0% used [0x00000000ec380000,0x00000000ec380000,0x00000000ec980000)
 ParOldGen       total 321024K, used 187726K [0x00000000c0000000, 0x00000000d3980000, 0x00000000eab00000)
  object space 321024K, 58% used [0x00000000c0000000,0x00000000cb7539b8,0x00000000d3980000)
 Metaspace       used 44499K, committed 45248K, reserved 1089536K
  class space    used 4615K, committed 4928K, reserved 1048576K
}
Event: 20.961 GC heap before
{Heap before GC invocations=102 (full 9):
 PSYoungGen      total 17408K, used 16960K [0x00000000eab00000, 0x00000000ec980000, 0x0000000100000000)
  eden space 13824K, 100% used [0x00000000eab00000,0x00000000eb880000,0x00000000eb880000)
  from space 3584K, 87% used [0x00000000eb880000,0x00000000ebb90000,0x00000000ebc00000)
  to   space 6144K, 0% used [0x00000000ec380000,0x00000000ec380000,0x00000000ec980000)
 ParOldGen       total 321024K, used 187726K [0x00000000c0000000, 0x00000000d3980000, 0x00000000eab00000)
  object space 321024K, 58% used [0x00000000c0000000,0x00000000cb7539b8,0x00000000d3980000)
 Metaspace       used 44531K, committed 45248K, reserved 1089536K
  class space    used 4616K, committed 4928K, reserved 1048576K
}
Event: 20.973 GC heap after
{Heap after GC invocations=102 (full 9):
 PSYoungGen      total 11776K, used 6123K [0x00000000eab00000, 0x00000000ee000000, 0x0000000100000000)
  eden space 5632K, 0% used [0x00000000eab00000,0x00000000eab00000,0x00000000eb080000)
  from space 6144K, 99% used [0x00000000ec380000,0x00000000ec97add0,0x00000000ec980000)
  to   space 19456K, 0% used [0x00000000eb080000,0x00000000eb080000,0x00000000ec380000)
 ParOldGen       total 321024K, used 198170K [0x00000000c0000000, 0x00000000d3980000, 0x00000000eab00000)
  object space 321024K, 61% used [0x00000000c0000000,0x00000000cc186828,0x00000000d3980000)
 Metaspace       used 44531K, committed 45248K, reserved 1089536K
  class space    used 4616K, committed 4928K, reserved 1048576K
}
Event: 20.993 GC heap before
{Heap before GC invocations=103 (full 9):
 PSYoungGen      total 11776K, used 11755K [0x00000000eab00000, 0x00000000ee000000, 0x0000000100000000)
  eden space 5632K, 100% used [0x00000000eab00000,0x00000000eb080000,0x00000000eb080000)
  from space 6144K, 99% used [0x00000000ec380000,0x00000000ec97add0,0x00000000ec980000)
  to   space 19456K, 0% used [0x00000000eb080000,0x00000000eb080000,0x00000000ec380000)
 ParOldGen       total 321024K, used 198170K [0x00000000c0000000, 0x00000000d3980000, 0x00000000eab00000)
  object space 321024K, 61% used [0x00000000c0000000,0x00000000cc186828,0x00000000d3980000)
 Metaspace       used 44547K, committed 45248K, reserved 1089536K
  class space    used 4616K, committed 4928K, reserved 1048576K
}
Event: 21.002 GC heap after
{Heap after GC invocations=103 (full 9):
 PSYoungGen      total 15360K, used 9503K [0x00000000eab00000, 0x00000000ec980000, 0x0000000100000000)
  eden space 5632K, 0% used [0x00000000eab00000,0x00000000eab00000,0x00000000eb080000)
  from space 9728K, 97% used [0x00000000eb080000,0x00000000eb9c7f40,0x00000000eba00000)
  to   space 12288K, 0% used [0x00000000ebd80000,0x00000000ebd80000,0x00000000ec980000)
 ParOldGen       total 321024K, used 198178K [0x00000000c0000000, 0x00000000d3980000, 0x00000000eab00000)
  object space 321024K, 61% used [0x00000000c0000000,0x00000000cc188828,0x00000000d3980000)
 Metaspace       used 44547K, committed 45248K, reserved 1089536K
  class space    used 4616K, committed 4928K, reserved 1048576K
}
Event: 21.038 GC heap before
{Heap before GC invocations=104 (full 9):
 PSYoungGen      total 15360K, used 15068K [0x00000000eab00000, 0x00000000ec980000, 0x0000000100000000)
  eden space 5632K, 98% used [0x00000000eab00000,0x00000000eb06f298,0x00000000eb080000)
  from space 9728K, 97% used [0x00000000eb080000,0x00000000eb9c7f40,0x00000000eba00000)
  to   space 12288K, 0% used [0x00000000ebd80000,0x00000000ebd80000,0x00000000ec980000)
 ParOldGen       total 321024K, used 198178K [0x00000000c0000000, 0x00000000d3980000, 0x00000000eab00000)
  object space 321024K, 61% used [0x00000000c0000000,0x00000000cc188828,0x00000000d3980000)
 Metaspace       used 44562K, committed 45312K, reserved 1089536K
  class space    used 4617K, committed 4928K, reserved 1048576K
}
Event: 21.046 GC heap after
{Heap after GC invocations=104 (full 9):
 PSYoungGen      total 13824K, used 7115K [0x00000000eab00000, 0x00000000ec480000, 0x0000000100000000)
  eden space 6656K, 0% used [0x00000000eab00000,0x00000000eab00000,0x00000000eb180000)
  from space 7168K, 99% used [0x00000000ebd80000,0x00000000ec472d48,0x00000000ec480000)
  to   space 8704K, 0% used [0x00000000eb380000,0x00000000eb380000,0x00000000ebc00000)
 ParOldGen       total 321024K, used 203609K [0x00000000c0000000, 0x00000000d3980000, 0x00000000eab00000)
  object space 321024K, 63% used [0x00000000c0000000,0x00000000cc6d66b0,0x00000000d3980000)
 Metaspace       used 44562K, committed 45312K, reserved 1089536K
  class space    used 4617K, committed 4928K, reserved 1048576K
}

Deoptimization events (20 events):
Event: 20.946 Thread 0x00007fb5f048f0e0 DEOPT PACKING pc=0x00007fb663db025b sp=0x00007fb6297fe480
Event: 20.946 Thread 0x00007fb5f048f0e0 DEOPT UNPACKING pc=0x00007fb66369d325 sp=0x00007fb6297fd948 mode 0
Event: 32.048 Thread 0x00007fb67c352d20 Uncommon trap: trap_request=0xffffffcd fr.pc=0x00007fb66b2729f2 relative=0x00000000000001d2
Event: 32.048 Thread 0x00007fb67c352d20 Uncommon trap: reason=intrinsic_or_type_checked_inlining action=reinterpret pc=0x00007fb66b2729f2 method=java.util.Collections$UnmodifiableCollection$1.hasNext()Z @ 0 jvmci
Event: 32.048 Thread 0x00007fb67c352d20 DEOPT PACKING pc=0x00007fb66b2729f2 sp=0x00007fb62a7fe410
Event: 32.048 Thread 0x00007fb67c352d20 DEOPT UNPACKING pc=0x00007fb66369d325 sp=0x00007fb62a7fd8b0 mode 3
Event: 32.052 Thread 0x00007fb67c352d20 DEOPT PACKING pc=0x00007fb663c0b80c sp=0x00007fb62a7fe2a0
Event: 32.052 Thread 0x00007fb67c352d20 DEOPT UNPACKING pc=0x00007fb66369d325 sp=0x00007fb62a7fd808 mode 0
Event: 32.052 Thread 0x00007fb67c352d20 DEOPT PACKING pc=0x00007fb663c0b80c sp=0x00007fb62a7fe2a0
Event: 32.052 Thread 0x00007fb67c352d20 DEOPT UNPACKING pc=0x00007fb66369d325 sp=0x00007fb62a7fd808 mode 0
Event: 32.053 Thread 0x00007fb67c352d20 DEOPT PACKING pc=0x00007fb663c0b770 sp=0x00007fb62a7fe2a0
Event: 32.053 Thread 0x00007fb67c352d20 DEOPT UNPACKING pc=0x00007fb66369d325 sp=0x00007fb62a7fd808 mode 0
Event: 32.053 Thread 0x00007fb67c352d20 DEOPT PACKING pc=0x00007fb663c0b80c sp=0x00007fb62a7fe2a0
Event: 32.053 Thread 0x00007fb67c352d20 DEOPT UNPACKING pc=0x00007fb66369d325 sp=0x00007fb62a7fd808 mode 0
Event: 32.054 Thread 0x00007fb67c352d20 DEOPT PACKING pc=0x00007fb663c0b80c sp=0x00007fb62a7fe2a0
Event: 32.054 Thread 0x00007fb67c352d20 DEOPT UNPACKING pc=0x00007fb66369d325 sp=0x00007fb62a7fd808 mode 0
Event: 32.054 Thread 0x00007fb67c352d20 DEOPT PACKING pc=0x00007fb663c0b770 sp=0x00007fb62a7fe2a0
Event: 32.054 Thread 0x00007fb67c352d20 DEOPT UNPACKING pc=0x00007fb66369d325 sp=0x00007fb62a7fd808 mode 0
Event: 32.055 Thread 0x00007fb67c352d20 DEOPT PACKING pc=0x00007fb663c0b770 sp=0x00007fb62a7fe2a0
Event: 32.055 Thread 0x00007fb67c352d20 DEOPT UNPACKING pc=0x00007fb66369d325 sp=0x00007fb62a7fd808 mode 0

Classes unloaded (0 events):
No events

Classes redefined (0 events):
No events

Internal exceptions (20 events):
Event: 9.457 Thread 0x00007fb5d0006f50 Exception <a 'java/io/FileNotFoundException'{0x00000000eb478868}> (0x00000000eb478868) 
thrown [src/hotspot/share/prims/jni.cpp, line 516]
Event: 9.458 Thread 0x00007fb5d0006f50 Exception <a 'java/io/FileNotFoundException'{0x00000000eb47fdc8}> (0x00000000eb47fdc8) 
thrown [src/hotspot/share/prims/jni.cpp, line 516]
Event: 9.462 Thread 0x00007fb5d0006f50 Exception <a 'java/io/FileNotFoundException'{0x00000000eb5469f8}> (0x00000000eb5469f8) 
thrown [src/hotspot/share/prims/jni.cpp, line 516]
Event: 9.483 Thread 0x00007fb5d0006f50 Exception <a 'java/io/FileNotFoundException'{0x00000000eb751e60}> (0x00000000eb751e60) 
thrown [src/hotspot/share/prims/jni.cpp, line 516]
Event: 9.483 Thread 0x00007fb5d0006f50 Exception <a 'java/io/FileNotFoundException'{0x00000000eb752e10}> (0x00000000eb752e10) 
thrown [src/hotspot/share/prims/jni.cpp, line 516]
Event: 9.494 Thread 0x00007fb5cc0045f0 Exception <a 'sun/nio/fs/UnixException'{0x00000000eb85e198}> (0x00000000eb85e198) 
thrown [src/hotspot/share/prims/jni.cpp, line 516]
Event: 9.496 Thread 0x00007fb5cc0045f0 Exception <a 'sun/nio/fs/UnixException'{0x00000000eb87ff00}> (0x00000000eb87ff00) 
thrown [src/hotspot/share/prims/jni.cpp, line 516]
Event: 9.498 Thread 0x00007fb5cc0045f0 Exception <a 'sun/nio/fs/UnixException'{0x00000000eb8ba390}> (0x00000000eb8ba390) 
thrown [src/hotspot/share/prims/jni.cpp, line 516]
Event: 9.572 Thread 0x00007fb5d0000e40 Exception <a 'java/lang/NoSuchMethodError'{0x00000000eb9e9ea8}: 'java.lang.Object java.lang.invoke.DirectMethodHandle$Holder.newInvokeSpecial(java.lang.Object, java.lang.Object, java.lang.Object, java.lang.Object, java.lang.Object, java.lang.Object, java.lang.Object, java.lang.Object)'> (0x00000000eb9e9ea8) 
thrown [src/hotspot/share/interpreter/linkResolver.cpp, line 765]
Event: 9.573 Thread 0x00007fb5d0000e40 Exception <a 'java/lang/NoSuchMethodError'{0x00000000eb9ef1c8}: 'java.lang.Object java.lang.invoke.DirectMethodHandle$Holder.invokeSpecial(java.lang.Object, java.lang.Object, java.lang.Object, java.lang.Object, java.lang.Object, java.lang.Object, java.lang.Object, java.lang.Object, java.lang.Object)'> (0x00000000eb9ef1c8) 
thrown [src/hotspot/share/interpreter/linkResolver.cpp, line 765]
Event: 9.573 Thread 0x00007fb5d0000e40 Exception <a 'java/lang/NoSuchMethodError'{0x00000000eb9f3ba8}: 'java.lang.Object java.lang.invoke.Invokers$Holder.linkToTargetMethod(java.lang.Object, java.lang.Object, java.lang.Object, java.lang.Object, java.lang.Object, java.lang.Object, java.lang.Object, java.lang.Object)'> (0x00000000eb9f3ba8) 
thrown [src/hotspot/share/interpreter/linkResolver.cpp, line 765]
Event: 9.635 Thread 0x00007fb5d0000e40 Exception <a 'java/io/FileNotFoundException'{0x00000000eba72b88}> (0x00000000eba72b88) 
thrown [src/hotspot/share/prims/jni.cpp, line 516]
Event: 9.635 Thread 0x00007fb5d0000e40 Exception <a 'java/io/FileNotFoundException'{0x00000000eba74ba0}> (0x00000000eba74ba0) 
thrown [src/hotspot/share/prims/jni.cpp, line 516]
Event: 9.636 Thread 0x00007fb5d0000e40 Exception <a 'java/io/FileNotFoundException'{0x00000000eba75e00}> (0x00000000eba75e00) 
thrown [src/hotspot/share/prims/jni.cpp, line 516]
Event: 9.852 Thread 0x00007fb5d0000e40 Implicit null exception at 0x00007fb66b1bc7ea to 0x00007fb66b1bd522
Event: 10.344 Thread 0x00007fb5f048f0e0 Implicit null exception at 0x00007fb66b18c830 to 0x00007fb66b18c8d7
Event: 10.741 Thread 0x00007fb5f048f0e0 Implicit null exception at 0x00007fb66b2e4d31 to 0x00007fb66b2e52e2
Event: 11.660 Thread 0x00007fb5f048f0e0 Implicit null exception at 0x00007fb66b30c882 to 0x00007fb66b3110ce
Event: 14.813 Thread 0x00007fb5f048f0e0 Implicit null exception at 0x00007fb66b36aae1 to 0x00007fb66b36afa1
Event: 20.723 Thread 0x00007fb5f048f0e0 Exception <a 'sun/nio/fs/UnixException'{0x00000000eb3ba120}> (0x00000000eb3ba120) 
thrown [src/hotspot/share/prims/jni.cpp, line 516]

VM Operations (20 events):
Event: 19.536 Executing VM operation: ParallelGCFailedAllocation
Event: 19.568 Executing VM operation: ParallelGCFailedAllocation done
Event: 19.966 Executing VM operation: ParallelGCFailedAllocation
Event: 20.013 Executing VM operation: ParallelGCFailedAllocation done
Event: 20.751 Executing VM operation: ParallelGCFailedAllocation
Event: 20.869 Executing VM operation: ParallelGCFailedAllocation done
Event: 20.883 Executing VM operation: ParallelGCFailedAllocation
Event: 20.894 Executing VM operation: ParallelGCFailedAllocation done
Event: 20.961 Executing VM operation: ParallelGCFailedAllocation
Event: 20.973 Executing VM operation: ParallelGCFailedAllocation done
Event: 20.993 Executing VM operation: ParallelGCFailedAllocation
Event: 21.002 Executing VM operation: ParallelGCFailedAllocation done
Event: 21.038 Executing VM operation: ParallelGCFailedAllocation
Event: 21.046 Executing VM operation: ParallelGCFailedAllocation done
Event: 32.048 Executing VM operation: Cleanup
Event: 32.048 Executing VM operation: Cleanup done
Event: 32.126 Executing VM operation: HandshakeAllThreads
Event: 32.126 Executing VM operation: HandshakeAllThreads done
Event: 33.127 Executing VM operation: Cleanup
Event: 33.127 Executing VM operation: Cleanup done

Events (20 events):
Event: 17.886 loading class java/net/SocketException done
Event: 17.886 Thread 0x00007fb5d00d0ce0 Thread exited: 0x00007fb5d00d0ce0
Event: 18.264 Thread 0x00007fb640063130 Thread added: 0x00007fb640063130
Event: 18.264 Protecting memory [0x00007fb628a00000,0x00007fb628a04000] with protection modes 0
Event: 19.828 Thread 0x00007fb640063130 Thread exited: 0x00007fb640063130
Event: 19.874 Thread 0x00007fb640063130 Thread added: 0x00007fb640063130
Event: 19.875 Protecting memory [0x00007fb628a00000,0x00007fb628a04000] with protection modes 0
Event: 20.156 Thread 0x00007fb640063130 Thread exited: 0x00007fb640063130
Event: 21.032 Thread 0x00007fb64008e460 Thread added: 0x00007fb64008e460
Event: 21.032 Protecting memory [0x00007fb628a00000,0x00007fb628a04000] with protection modes 0
Event: 26.127 Thread 0x00007fb64008e460 Thread exited: 0x00007fb64008e460
Event: 32.084 Thread 0x00007fb64008ef40 Thread added: 0x00007fb64008ef40
Event: 32.084 Protecting memory [0x00007fb628a00000,0x00007fb628a04000] with protection modes 0
Event: 32.133 Thread 0x00007fb67c115440 flushing nmethod 0x00007fb6643c0510
Event: 32.133 Thread 0x00007fb67c115440 flushing nmethod 0x00007fb6643ef710
Event: 37.129 Thread 0x00007fb64008ef40 Thread exited: 0x00007fb64008ef40
Event: 61.365 Thread 0x00007fb67c245bd0 Thread exited: 0x00007fb67c245bd0
Event: 81.015 Thread 0x00007fb5d0006f50 Thread exited: 0x00007fb5d0006f50
Event: 81.015 Thread 0x00007fb5f03103f0 Thread exited: 0x00007fb5f03103f0
Event: 141.128 Thread 0x00007fb5d00d45a0 Thread exited: 0x00007fb5d00d45a0


Dynamic libraries:
c0000000-d3980000 rw-p 00000000 00:00 0 
d3980000-eab00000 ---p 00000000 00:00 0 
eab00000-ec480000 rw-p 00000000 00:00 0 
ec480000-100000000 ---p 00000000 00:00 0 
800000000-800448000 rw-p 00001000 00:15a6 9223372037169257246            /nix/store/nfyj24p265scn3zp0pk0fm4rr5g7s2pf-graalvm17-ce-22.1.0/lib/server/classes.jsa
800448000-800bc6000 r--p 00449000 00:15a6 9223372037169257246            /nix/store/nfyj24p265scn3zp0pk0fm4rr5g7s2pf-graalvm17-ce-22.1.0/lib/server/classes.jsa
800bc6000-800c00000 ---p 00000000 00:00 0 
800c00000-800c20000 rw-p 00000000 00:00 0 
800c20000-800c40000 rw-p 00000000 00:00 0 
800c40000-800cc0000 rw-p 00000000 00:00 0 
800cc0000-800d00000 rw-p 00000000 00:00 0 
800d00000-800d40000 rw-p 00000000 00:00 0 
800d40000-800d80000 rw-p 00000000 00:00 0 
800d80000-800f00000 rw-p 00000000 00:00 0 
800f00000-800f80000 rw-p 00000000 00:00 0 
800f80000-801070000 rw-p 00000000 00:00 0 
801070000-801080000 ---p 00000000 00:00 0 
801080000-8010e0000 rw-p 00000000 00:00 0 
8010e0000-840c00000 ---p 00000000 00:00 0 
55c4468f8000-55c4468f9000 r-xp 00000000 00:15a6 9223372037161322589      /nix/store/nfyj24p265scn3zp0pk0fm4rr5g7s2pf-graalvm17-ce-22.1.0/bin/.java-wrapped
55c4468fa000-55c4468fb000 r--p 00001000 00:15a6 9223372037161322589      /nix/store/nfyj24p265scn3zp0pk0fm4rr5g7s2pf-graalvm17-ce-22.1.0/bin/.java-wrapped
55c4468fb000-55c4468fc000 rw-p 00002000 00:15a6 9223372037161322589      /nix/store/nfyj24p265scn3zp0pk0fm4rr5g7s2pf-graalvm17-ce-22.1.0/bin/.java-wrapped
55c4468fc000-55c4468fd000 rw-p 00004000 00:15a6 9223372037161322589      /nix/store/nfyj24p265scn3zp0pk0fm4rr5g7s2pf-graalvm17-ce-22.1.0/bin/.java-wrapped
55c4468fd000-55c4468fe000 rw-p 00005000 00:15a6 9223372037161322589      /nix/store/nfyj24p265scn3zp0pk0fm4rr5g7s2pf-graalvm17-ce-22.1.0/bin/.java-wrapped
55c4486b5000-55c4486d6000 rw-p 00000000 00:00 0                          [heap]
7fb5a4f00000-7fb5a5000000 rw-p 00000000 00:00 0 
7fb5a5300000-7fb5a5400000 rw-p 00000000 00:00 0 
7fb5a5700000-7fb5a5800000 rw-p 00000000 00:00 0 
7fb5a5b00000-7fb5a5c00000 rw-p 00000000 00:00 0 
7fb5a6300000-7fb5a6400000 rw-p 00000000 00:00 0 
7fb5a6500000-7fb5a6600000 rw-p 00000000 00:00 0 
7fb5a664b000-7fb5b0000000 r--s 00000000 00:15a6 9223372037169246170      /nix/store/nfyj24p265scn3zp0pk0fm4rr5g7s2pf-graalvm17-ce-22.1.0/lib/modules
7fb5b0000000-7fb5b0021000 rw-p 00000000 00:00 0 
7fb5b0021000-7fb5b4000000 ---p 00000000 00:00 0 
7fb5b4000000-7fb5b4021000 rw-p 00000000 00:00 0 
7fb5b4021000-7fb5b8000000 ---p 00000000 00:00 0 
7fb5b8000000-7fb5b8075000 rw-p 00000000 00:00 0 
7fb5b8075000-7fb5bc000000 ---p 00000000 00:00 0 
7fb5bc000000-7fb5bc0e1000 rw-p 00000000 00:00 0 
7fb5bc0e1000-7fb5c0000000 ---p 00000000 00:00 0 
7fb5c0000000-7fb5c0021000 rw-p 00000000 00:00 0 
7fb5c0021000-7fb5c4000000 ---p 00000000 00:00 0 
7fb5c4000000-7fb5c4021000 rw-p 00000000 00:00 0 
7fb5c4021000-7fb5c8000000 ---p 00000000 00:00 0 
7fb5c8000000-7fb5c8049000 rw-p 00000000 00:00 0 
7fb5c8049000-7fb5cc000000 ---p 00000000 00:00 0 
7fb5cc000000-7fb5cc2e7000 rw-p 00000000 00:00 0 
7fb5cc2e7000-7fb5d0000000 ---p 00000000 00:00 0 
7fb5d0000000-7fb5d00f2000 rw-p 00000000 00:00 0 
7fb5d00f2000-7fb5d4000000 ---p 00000000 00:00 0 
7fb5d4000000-7fb5d410c000 rw-p 00000000 00:00 0 
7fb5d410c000-7fb5d8000000 ---p 00000000 00:00 0 
7fb5d8000000-7fb5d8033000 rw-p 00000000 00:00 0 
7fb5d8033000-7fb5dc000000 ---p 00000000 00:00 0 
7fb5dc000000-7fb5dc021000 rw-p 00000000 00:00 0 
7fb5dc021000-7fb5e0000000 ---p 00000000 00:00 0 
7fb5e0000000-7fb5e0021000 rw-p 00000000 00:00 0 
7fb5e0021000-7fb5e4000000 ---p 00000000 00:00 0 
7fb5e4000000-7fb5e4022000 rw-p 00000000 00:00 0 
7fb5e4022000-7fb5e8000000 ---p 00000000 00:00 0 
7fb5e8000000-7fb5e8100000 rw-p 00000000 00:00 0 
7fb5e8400000-7fb5e8500000 rw-p 00000000 00:00 0 
7fb5e8800000-7fb5e8900000 rw-p 00000000 00:00 0 
7fb5e8c00000-7fb5e8d00000 rw-p 00000000 00:00 0 
7fb5e8e00000-7fb5e8f00000 rw-p 00000000 00:00 0 
7fb5e9000000-7fb5e9300000 rw-p 00000000 00:00 0 
7fb5e9300000-7fb5e93d0000 rw-p 00000000 00:00 0 
7fb5e93d0000-7fb5e9400000 ---p 00000000 00:00 0 
7fb5e9400000-7fb5e97c0000 rw-p 00000000 00:00 0 
7fb5e97c0000-7fb5e9800000 ---p 00000000 00:00 0 
7fb5e9c00000-7fb5e9d00000 rw-p 00000000 00:00 0 
7fb5e9d00000-7fb5e9e00000 rw-p 00000000 00:00 0 
7fb5e9e00000-7fb5e9f00000 rw-p 00000000 00:00 0 
7fb5e9f00000-7fb5ea000000 rw-p 00000000 00:00 0 
7fb5ea000000-7fb5ea100000 rw-p 00000000 00:00 0 
7fb5ea100000-7fb5ea200000 rw-p 00000000 00:00 0 
7fb5ea200000-7fb5ea500000 rw-p 00000000 00:00 0 
7fb5ea600000-7fb5ea700000 rw-p 00000000 00:00 0 
7fb5ea800000-7fb5ea900000 rw-p 00000000 00:00 0 
7fb5ea900000-7fb5eaa00000 rw-p 00000000 00:00 0 
7fb5eaa00000-7fb5ead80000 rw-p 00000000 00:00 0 
7fb5ead80000-7fb5eae00000 rw-p 00000000 00:00 0 
7fb5eae00000-7fb5eaf00000 rw-p 00000000 00:00 0 
7fb5eaf00000-7fb5eb000000 rw-p 00000000 00:00 0 
7fb5eb200000-7fb5eb300000 rw-p 00000000 00:00 0 
7fb5eb400000-7fb5eb500000 rw-p 00000000 00:00 0 
7fb5eb500000-7fb5eb600000 rw-p 00000000 00:00 0 
7fb5eb600000-7fb5eb700000 rw-p 00000000 00:00 0 
7fb5eb700000-7fb5eb800000 rw-p 00000000 00:00 0 
7fb5eb800000-7fb5ebd00000 rw-p 00000000 00:00 0 
7fb5ebe00000-7fb5ebf00000 rw-p 00000000 00:00 0 
7fb5ec000000-7fb5ec021000 rw-p 00000000 00:00 0 
7fb5ec021000-7fb5f0000000 ---p 00000000 00:00 0 
7fb5f0000000-7fb5f08c2000 rw-p 00000000 00:00 0 
7fb5f08c2000-7fb5f4000000 ---p 00000000 00:00 0 
7fb5f4000000-7fb5f4021000 rw-p 00000000 00:00 0 
7fb5f4021000-7fb5f8000000 ---p 00000000 00:00 0 
7fb5f8000000-7fb5f8021000 rw-p 00000000 00:00 0 
7fb5f8021000-7fb5fc000000 ---p 00000000 00:00 0 
7fb5fc000000-7fb5fc021000 rw-p 00000000 00:00 0 
7fb5fc021000-7fb600000000 ---p 00000000 00:00 0 
7fb600000000-7fb600021000 rw-p 00000000 00:00 0 
7fb600021000-7fb604000000 ---p 00000000 00:00 0 
7fb604000000-7fb604021000 rw-p 00000000 00:00 0 
7fb604021000-7fb608000000 ---p 00000000 00:00 0 
7fb608000000-7fb608021000 rw-p 00000000 00:00 0 
7fb608021000-7fb60c000000 ---p 00000000 00:00 0 
7fb60c000000-7fb60c021000 rw-p 00000000 00:00 0 
7fb60c021000-7fb610000000 ---p 00000000 00:00 0 
7fb610000000-7fb610021000 rw-p 00000000 00:00 0 
7fb610021000-7fb614000000 ---p 00000000 00:00 0 
7fb614000000-7fb614021000 rw-p 00000000 00:00 0 
7fb614021000-7fb618000000 ---p 00000000 00:00 0 
7fb618000000-7fb618021000 rw-p 00000000 00:00 0 
7fb618021000-7fb61c000000 ---p 00000000 00:00 0 
7fb61c100000-7fb61c200000 rw-p 00000000 00:00 0 
7fb61c300000-7fb61c400000 rw-p 00000000 00:00 0 
7fb61c500000-7fb61c600000 rw-p 00000000 00:00 0 
7fb61c8e9000-7fb61c8f9000 r-xp 00000000 00:15a1 353                      /home/runner/.cache/jdt-language-server/config/org.eclipse.equinox.launcher/org.eclipse.equinox.launcher.gtk.linux.x86_64_1.2.400.v20211117-0650/eclipse_11600.so
7fb61c8f9000-7fb61caf8000 ---p 00010000 00:15a1 353                      /home/runner/.cache/jdt-language-server/config/org.eclipse.equinox.launcher/org.eclipse.equinox.launcher.gtk.linux.x86_64_1.2.400.v20211117-0650/eclipse_11600.so
7fb61caf8000-7fb61caf9000 r--p 0000f000 00:15a1 353                      /home/runner/.cache/jdt-language-server/config/org.eclipse.equinox.launcher/org.eclipse.equinox.launcher.gtk.linux.x86_64_1.2.400.v20211117-0650/eclipse_11600.so
7fb61caf9000-7fb61cafa000 rw-p 00010000 00:15a1 353                      /home/runner/.cache/jdt-language-server/config/org.eclipse.equinox.launcher/org.eclipse.equinox.launcher.gtk.linux.x86_64_1.2.400.v20211117-0650/eclipse_11600.so
7fb61cafa000-7fb61cafb000 ---p 00000000 00:00 0 
7fb61cafb000-7fb61cbfc000 rw-p 00000000 00:00 0 
7fb61cbfc000-7fb61cbfd000 ---p 00000000 00:00 0 
7fb61cbfd000-7fb61ccfe000 rw-p 00000000 00:00 0 
7fb61ccfe000-7fb61ccff000 ---p 00000000 00:00 0 
7fb61ccff000-7fb61ce00000 rw-p 00000000 00:00 0 
7fb61d200000-7fb61d300000 rw-p 00000000 00:00 0 
7fb61da00000-7fb61db00000 rw-p 00000000 00:00 0 
7fb61dc00000-7fb61dd00000 rw-p 00000000 00:00 0 
7fb61e200000-7fb61e300000 rw-p 00000000 00:00 0 
7fb61e400000-7fb61e500000 rw-p 00000000 00:00 0 
7fb61e600000-7fb61e700000 rw-p 00000000 00:00 0 
7fb61f000000-7fb61f100000 rw-p 00000000 00:00 0 
7fb61f400000-7fb61f500000 rw-p 00000000 00:00 0 
7fb61fa00000-7fb61fb00000 rw-p 00000000 00:00 0 
7fb61fc00000-7fb61fd00000 rw-p 00000000 00:00 0 
7fb61fe00000-7fb61ff00000 rw-p 00000000 00:00 0 
7fb620000000-7fb620050000 rw-p 00000000 00:00 0 
7fb620050000-7fb624000000 ---p 00000000 00:00 0 
7fb624000000-7fb62403b000 rw-p 00000000 00:00 0 
7fb62403b000-7fb628000000 ---p 00000000 00:00 0 
7fb628400000-7fb628500000 rw-p 00000000 00:00 0 
7fb628600000-7fb628700000 rw-p 00000000 00:00 0 
7fb628799000-7fb628a00000 rw-p 00000000 00:00 0 
7fb628a00000-7fb628a04000 ---p 00000000 00:00 0 
7fb628a04000-7fb628d00000 rw-p 00000000 00:00 0 
7fb628f00000-7fb628f04000 ---p 00000000 00:00 0 
7fb628f04000-7fb629000000 rw-p 00000000 00:00 0 
7fb629100000-7fb629104000 ---p 00000000 00:00 0 
7fb629104000-7fb629200000 rw-p 00000000 00:00 0 
7fb629200000-7fb629300000 rw-p 00000000 00:00 0 
7fb629300000-7fb629304000 ---p 00000000 00:00 0 
7fb629304000-7fb629400000 rw-p 00000000 00:00 0 
7fb629400000-7fb629500000 rw-p 00000000 00:00 0 
7fb629500000-7fb629504000 ---p 00000000 00:00 0 
7fb629504000-7fb629600000 rw-p 00000000 00:00 0 
7fb629600000-7fb629700000 rw-p 00000000 00:00 0 
7fb629700000-7fb629704000 ---p 00000000 00:00 0 
7fb629704000-7fb629800000 rw-p 00000000 00:00 0 
7fb629900000-7fb629904000 ---p 00000000 00:00 0 
7fb629904000-7fb629a00000 rw-p 00000000 00:00 0 
7fb629a00000-7fb629b00000 rw-p 00000000 00:00 0 
7fb629b00000-7fb629b04000 ---p 00000000 00:00 0 
7fb629b04000-7fb629c00000 rw-p 00000000 00:00 0 
7fb629c00000-7fb629c04000 ---p 00000000 00:00 0 
7fb629c04000-7fb629d00000 rw-p 00000000 00:00 0 
7fb629d00000-7fb629d04000 ---p 00000000 00:00 0 
7fb629d04000-7fb629e00000 rw-p 00000000 00:00 0 
7fb629f00000-7fb629f04000 ---p 00000000 00:00 0 
7fb629f04000-7fb62a000000 rw-p 00000000 00:00 0 
7fb62a100000-7fb62a104000 ---p 00000000 00:00 0 
7fb62a104000-7fb62a200000 rw-p 00000000 00:00 0 
7fb62a300000-7fb62a304000 ---p 00000000 00:00 0 
7fb62a304000-7fb62a400000 rw-p 00000000 00:00 0 
7fb62a400000-7fb62a404000 ---p 00000000 00:00 0 
7fb62a404000-7fb62a500000 rw-p 00000000 00:00 0 
7fb62a500000-7fb62a504000 ---p 00000000 00:00 0 
7fb62a504000-7fb62a600000 rw-p 00000000 00:00 0 
7fb62a700000-7fb62a704000 ---p 00000000 00:00 0 
7fb62a704000-7fb62a800000 rw-p 00000000 00:00 0 
7fb62a800000-7fb62a804000 ---p 00000000 00:00 0 
7fb62a804000-7fb62a900000 rw-p 00000000 00:00 0 
7fb62a900000-7fb62a904000 ---p 00000000 00:00 0 
7fb62a904000-7fb62aa00000 rw-p 00000000 00:00 0 
7fb62aa00000-7fb62aa04000 ---p 00000000 00:00 0 
7fb62aa04000-7fb62ac00000 rw-p 00000000 00:00 0 
7fb62ad00000-7fb62ad04000 ---p 00000000 00:00 0 
7fb62ad04000-7fb62ae00000 rw-p 00000000 00:00 0 
7fb62ae00000-7fb62af00000 ---p 00000000 00:00 0 
7fb62af00000-7fb62b4b8000 r--p 012b2000 00:15a6 9223372037169238651      /nix/store/nfyj24p265scn3zp0pk0fm4rr5g7s2pf-graalvm17-ce-22.1.0/lib/libjvmcicompiler.so
7fb62b4b8000-7fb62b600000 r--p 00000000 00:00 0 
7fb62b600000-7fb62b63f000 rw-p 00000000 00:00 0 
7fb62b63f000-7fb62bb5e000 rw-p 019f1000 00:15a6 9223372037169238651      /nix/store/nfyj24p265scn3zp0pk0fm4rr5g7s2pf-graalvm17-ce-22.1.0/lib/libjvmcicompiler.so
7fb62bb5e000-7fb62bfa0000 r--p 01f10000 00:15a6 9223372037169238651      /nix/store/nfyj24p265scn3zp0pk0fm4rr5g7s2pf-graalvm17-ce-22.1.0/lib/libjvmcicompiler.so
7fb62c000000-7fb62c021000 rw-p 00000000 00:00 0 
7fb62c021000-7fb630000000 ---p 00000000 00:00 0 
7fb630000000-7fb630021000 rw-p 00000000 00:00 0 
7fb630021000-7fb634000000 ---p 00000000 00:00 0 
7fb634000000-7fb63482c000 rw-p 00000000 00:00 0 
7fb63482c000-7fb638000000 ---p 00000000 00:00 0 
7fb638000000-7fb638021000 rw-p 00000000 00:00 0 
7fb638021000-7fb63c000000 ---p 00000000 00:00 0 
7fb63c000000-7fb63c021000 rw-p 00000000 00:00 0 
7fb63c021000-7fb640000000 ---p 00000000 00:00 0 
7fb640000000-7fb64009f000 rw-p 00000000 00:00 0 
7fb64009f000-7fb644000000 ---p 00000000 00:00 0 
7fb644000000-7fb644021000 rw-p 00000000 00:00 0 
7fb644021000-7fb648004000 ---p 00000000 00:00 0 
7fb648004000-7fb648200000 rw-p 00000000 00:00 0 
7fb648200000-7fb648204000 ---p 00000000 00:00 0 
7fb648204000-7fb648300000 rw-p 00000000 00:00 0 
7fb648300000-7fb648400000 rw-p 00000000 00:00 0 
7fb648400000-7fb648404000 ---p 00000000 00:00 0 
7fb648404000-7fb648500000 rw-p 00000000 00:00 0 
7fb648500000-7fb648600000 rw-p 00000000 00:00 0 
7fb6486ff000-7fb648700000 ---p 00000000 00:00 0 
7fb648700000-7fb648701000 rw-p 00000000 00:00 0 
7fb648701000-7fb648705000 ---p 00000000 00:00 0 
7fb648705000-7fb648f00000 rw-p 00000000 00:00 0 
7fb648f37000-7fb64907e000 rw-p 00000000 00:00 0 
7fb64907e000-7fb649082000 ---p 00000000 00:00 0 
7fb649082000-7fb6490a0000 rw-p 00000000 00:00 0 
7fb6490a0000-7fb64b3f6000 r-xp 00000000 00:15a6 9223372037169238651      /nix/store/nfyj24p265scn3zp0pk0fm4rr5g7s2pf-graalvm17-ce-22.1.0/lib/libjvmcicompiler.so
7fb64b3f6000-7fb64b5f5000 ---p 02356000 00:15a6 9223372037169238651      /nix/store/nfyj24p265scn3zp0pk0fm4rr5g7s2pf-graalvm17-ce-22.1.0/lib/libjvmcicompiler.so
7fb64b5f5000-7fb64b5f6000 r--p 02355000 00:15a6 9223372037169238651      /nix/store/nfyj24p265scn3zp0pk0fm4rr5g7s2pf-graalvm17-ce-22.1.0/lib/libjvmcicompiler.so
7fb64b5f6000-7fb64b5f8000 rw-p 02356000 00:15a6 9223372037169238651      /nix/store/nfyj24p265scn3zp0pk0fm4rr5g7s2pf-graalvm17-ce-22.1.0/lib/libjvmcicompiler.so
7fb64b5f8000-7fb64b5f9000 rw-p 00000000 00:00 0 
7fb64b5f9000-7fb64b5fe000 rw-p 02601000 00:15a6 9223372037169238651      /nix/store/nfyj24p265scn3zp0pk0fm4rr5g7s2pf-graalvm17-ce-22.1.0/lib/libjvmcicompiler.so
7fb64b5fe000-7fb64b5ff000 ---p 00000000 00:00 0 
7fb64b5ff000-7fb64b700000 rw-p 00000000 00:00 0 
7fb64b700000-7fb64b704000 ---p 00000000 00:00 0 
7fb64b704000-7fb64b800000 rw-p 00000000 00:00 0 
7fb64b800000-7fb64b804000 ---p 00000000 00:00 0 
7fb64b804000-7fb64b900000 rw-p 00000000 00:00 0 
7fb64b900000-7fb64b904000 ---p 00000000 00:00 0 
7fb64b904000-7fb64ba00000 rw-p 00000000 00:00 0 
7fb64ba00000-7fb64ba04000 ---p 00000000 00:00 0 
7fb64ba04000-7fb64bc00000 rw-p 00000000 00:00 0 
7fb64bc00000-7fb64bc04000 ---p 00000000 00:00 0 
7fb64bc04000-7fb64be00000 rw-p 00000000 00:00 0 
7fb64be00000-7fb64be04000 ---p 00000000 00:00 0 
7fb64be04000-7fb64bf00000 rw-p 00000000 00:00 0 
7fb64bf00000-7fb64bf04000 ---p 00000000 00:00 0 
7fb64bf04000-7fb64c000000 rw-p 00000000 00:00 0 
7fb64c000000-7fb64c021000 rw-p 00000000 00:00 0 
7fb64c021000-7fb650000000 ---p 00000000 00:00 0 
7fb650000000-7fb650021000 rw-p 00000000 00:00 0 
7fb650021000-7fb654000000 ---p 00000000 00:00 0 
7fb654000000-7fb654021000 rw-p 00000000 00:00 0 
7fb654021000-7fb658000000 ---p 00000000 00:00 0 
7fb658000000-7fb658021000 rw-p 00000000 00:00 0 
7fb658021000-7fb65c000000 ---p 00000000 00:00 0 
7fb65c000000-7fb65c021000 rw-p 00000000 00:00 0 
7fb65c021000-7fb660000000 ---p 00000000 00:00 0 
7fb66001a000-7fb66001e000 ---p 00000000 00:00 0 
7fb66001e000-7fb66011a000 rw-p 00000000 00:00 0 
7fb66011a000-7fb660400000 r--p 00000000 00:14e6 28444448                 /usr/lib/locale/locale-archive
7fb660400000-7fb660800000 rw-p 00000000 00:00 0 
7fb660800000-7fb6609c0000 rw-p 00000000 00:00 0 
7fb6609c0000-7fb660b00000 rw-p 00000000 00:00 0 
7fb660b00000-7fb660c00000 rw-p 00000000 00:00 0 
7fb660c16000-7fb660c18000 r-xp 00000000 00:15a6 9223372037169237833      /nix/store/nfyj24p265scn3zp0pk0fm4rr5g7s2pf-graalvm17-ce-22.1.0/lib/libextnet.so
7fb660c18000-7fb660c19000 r--p 00001000 00:15a6 9223372037169237833      /nix/store/nfyj24p265scn3zp0pk0fm4rr5g7s2pf-graalvm17-ce-22.1.0/lib/libextnet.so
7fb660c19000-7fb660c1a000 rw-p 00002000 00:15a6 9223372037169237833      /nix/store/nfyj24p265scn3zp0pk0fm4rr5g7s2pf-graalvm17-ce-22.1.0/lib/libextnet.so
7fb660c1a000-7fb660c1b000 rw-p 00004000 00:15a6 9223372037169237833      /nix/store/nfyj24p265scn3zp0pk0fm4rr5g7s2pf-graalvm17-ce-22.1.0/lib/libextnet.so
7fb660c1b000-7fb660c22000 r-xp 00000000 00:15a6 9223372037169246165      /nix/store/nfyj24p265scn3zp0pk0fm4rr5g7s2pf-graalvm17-ce-22.1.0/lib/libzip.so
7fb660c22000-7fb660c23000 ---p 00007000 00:15a6 9223372037169246165      /nix/store/nfyj24p265scn3zp0pk0fm4rr5g7s2pf-graalvm17-ce-22.1.0/lib/libzip.so
7fb660c23000-7fb660c24000 r--p 00007000 00:15a6 9223372037169246165      /nix/store/nfyj24p265scn3zp0pk0fm4rr5g7s2pf-graalvm17-ce-22.1.0/lib/libzip.so
7fb660c24000-7fb660c25000 rw-p 00008000 00:15a6 9223372037169246165      /nix/store/nfyj24p265scn3zp0pk0fm4rr5g7s2pf-graalvm17-ce-22.1.0/lib/libzip.so
7fb660c25000-7fb660c27000 rw-p 0000b000 00:15a6 9223372037169246165      /nix/store/nfyj24p265scn3zp0pk0fm4rr5g7s2pf-graalvm17-ce-22.1.0/lib/libzip.so
7fb660c27000-7fb660c3c000 r-xp 00000000 00:15a6 9223372037169246029      /nix/store/nfyj24p265scn3zp0pk0fm4rr5g7s2pf-graalvm17-ce-22.1.0/lib/libnet.so
7fb660c3c000-7fb660c3d000 ---p 00015000 00:15a6 9223372037169246029      /nix/store/nfyj24p265scn3zp0pk0fm4rr5g7s2pf-graalvm17-ce-22.1.0/lib/libnet.so
7fb660c3d000-7fb660c3e000 r--p 00015000 00:15a6 9223372037169246029      /nix/store/nfyj24p265scn3zp0pk0fm4rr5g7s2pf-graalvm17-ce-22.1.0/lib/libnet.so
7fb660c3e000-7fb660c3f000 rw-p 00016000 00:15a6 9223372037169246029      /nix/store/nfyj24p265scn3zp0pk0fm4rr5g7s2pf-graalvm17-ce-22.1.0/lib/libnet.so
7fb660c3f000-7fb660c42000 rw-p 0001b000 00:15a6 9223372037169246029      /nix/store/nfyj24p265scn3zp0pk0fm4rr5g7s2pf-graalvm17-ce-22.1.0/lib/libnet.so
7fb660c42000-7fb660c46000 ---p 00000000 00:00 0 
7fb660c46000-7fb660d42000 rw-p 00000000 00:00 0 
7fb660d42000-7fb660d46000 ---p 00000000 00:00 0 
7fb660d46000-7fb660e42000 rw-p 00000000 00:00 0 
7fb660e42000-7fb660e43000 ---p 00000000 00:00 0 
7fb660e43000-7fb66364b000 rw-p 00000000 00:00 0 
7fb66364b000-7fb6638bb000 rwxp 00000000 00:00 0 
7fb6638bb000-7fb663bdc000 ---p 00000000 00:00 0 
7fb663bdc000-7fb66480c000 rwxp 00000000 00:00 0 
7fb66480c000-7fb66b113000 ---p 00000000 00:00 0 
7fb66b113000-7fb66b3e3000 rwxp 00000000 00:00 0 
7fb66b3e3000-7fb67264b000 ---p 00000000 00:00 0 
7fb67264b000-7fb67c000000 r--s 00000000 00:15a6 9223372037169246170      /nix/store/nfyj24p265scn3zp0pk0fm4rr5g7s2pf-graalvm17-ce-22.1.0/lib/modules
7fb67c000000-7fb67c651000 rw-p 00000000 00:00 0 
7fb67c651000-7fb680000000 ---p 00000000 00:00 0 
7fb680003000-7fb680016000 r-xp 00000000 00:15a6 9223372037169246046      /nix/store/nfyj24p265scn3zp0pk0fm4rr5g7s2pf-graalvm17-ce-22.1.0/lib/libnio.so
7fb680016000-7fb680017000 r--p 00012000 00:15a6 9223372037169246046      /nix/store/nfyj24p265scn3zp0pk0fm4rr5g7s2pf-graalvm17-ce-22.1.0/lib/libnio.so
7fb680017000-7fb680018000 rw-p 00013000 00:15a6 9223372037169246046      /nix/store/nfyj24p265scn3zp0pk0fm4rr5g7s2pf-graalvm17-ce-22.1.0/lib/libnio.so
7fb680018000-7fb68001d000 rw-p 00019000 00:15a6 9223372037169246046      /nix/store/nfyj24p265scn3zp0pk0fm4rr5g7s2pf-graalvm17-ce-22.1.0/lib/libnio.so
7fb68001d000-7fb6800eb000 r-xp 00000000 00:15a6 9223372037169238295      /nix/store/nfyj24p265scn3zp0pk0fm4rr5g7s2pf-graalvm17-ce-22.1.0/lib/libjsvml.so
7fb6800eb000-7fb6800ec000 r--p 000cd000 00:15a6 9223372037169238295      /nix/store/nfyj24p265scn3zp0pk0fm4rr5g7s2pf-graalvm17-ce-22.1.0/lib/libjsvml.so
7fb6800ec000-7fb6800ed000 rw-p 000ce000 00:15a6 9223372037169238295      /nix/store/nfyj24p265scn3zp0pk0fm4rr5g7s2pf-graalvm17-ce-22.1.0/lib/libjsvml.so
7fb6800ed000-7fb680cc3000 rw-p 00000000 00:00 0 
7fb680cc3000-7fb680d7c000 ---p 00000000 00:00 0 
7fb680d7c000-7fb680d7d000 ---p 00000000 00:00 0 
7fb680d7d000-7fb680f1b000 rw-p 00000000 00:00 0 
7fb680f1b000-7fb680fd3000 ---p 00000000 00:00 0 
7fb680fd3000-7fb680fe1000 rw-p 00000000 00:00 0 
7fb680fe1000-7fb68107e000 ---p 00000000 00:00 0 
7fb68107e000-7fb681085000 rw-p 00000000 00:00 0 
7fb681085000-7fb68116a000 ---p 00000000 00:00 0 
7fb68116a000-7fb681183000 rw-p 00000000 00:00 0 
7fb681183000-7fb681255000 ---p 00000000 00:00 0 
7fb681255000-7fb68125a000 rw-p 00000000 00:00 0 
7fb68125a000-7fb681261000 ---p 00000000 00:00 0 
7fb681261000-7fb681285000 r-xp 00000000 00:15a6 9223372037169238195      /nix/store/nfyj24p265scn3zp0pk0fm4rr5g7s2pf-graalvm17-ce-22.1.0/lib/libjava.so
7fb681285000-7fb681286000 ---p 00024000 00:15a6 9223372037169238195      /nix/store/nfyj24p265scn3zp0pk0fm4rr5g7s2pf-graalvm17-ce-22.1.0/lib/libjava.so
7fb681286000-7fb681287000 r--p 00024000 00:15a6 9223372037169238195      /nix/store/nfyj24p265scn3zp0pk0fm4rr5g7s2pf-graalvm17-ce-22.1.0/lib/libjava.so
7fb681287000-7fb681288000 rw-p 00025000 00:15a6 9223372037169238195      /nix/store/nfyj24p265scn3zp0pk0fm4rr5g7s2pf-graalvm17-ce-22.1.0/lib/libjava.so
7fb681288000-7fb681289000 rw-p 00000000 00:00 0 
7fb681289000-7fb681290000 rw-p 0002f000 00:15a6 9223372037169238195      /nix/store/nfyj24p265scn3zp0pk0fm4rr5g7s2pf-graalvm17-ce-22.1.0/lib/libjava.so
7fb681290000-7fb681298000 rw-s 00000000 00:fea 350                       /tmp/hsperfdata_runner/26
7fb681298000-7fb681299000 ---p 00000000 00:00 0 
7fb681299000-7fb68129a000 r--p 00000000 00:00 0 
7fb68129a000-7fb68129b000 ---p 00000000 00:00 0 
7fb68129b000-7fb6812b6000 r-xp 00000000 00:15a6 9223372037169238272      /nix/store/nfyj24p265scn3zp0pk0fm4rr5g7s2pf-graalvm17-ce-22.1.0/lib/libjimage.so
7fb6812b6000-7fb6812b7000 ---p 0001b000 00:15a6 9223372037169238272      /nix/store/nfyj24p265scn3zp0pk0fm4rr5g7s2pf-graalvm17-ce-22.1.0/lib/libjimage.so
7fb6812b7000-7fb6812b9000 r--p 0001b000 00:15a6 9223372037169238272      /nix/store/nfyj24p265scn3zp0pk0fm4rr5g7s2pf-graalvm17-ce-22.1.0/lib/libjimage.so
7fb6812b9000-7fb6812ba000 rw-p 0001d000 00:15a6 9223372037169238272      /nix/store/nfyj24p265scn3zp0pk0fm4rr5g7s2pf-graalvm17-ce-22.1.0/lib/libjimage.so
7fb6812ba000-7fb6812bb000 rw-p 00024000 00:15a6 9223372037169238272      /nix/store/nfyj24p265scn3zp0pk0fm4rr5g7s2pf-graalvm17-ce-22.1.0/lib/libjimage.so
7fb6812bb000-7fb6812bf000 ---p 00000000 00:00 0 
7fb6812bf000-7fb6813bb000 rw-p 00000000 00:00 0 
7fb6813bb000-7fb6813c8000 r--p 00000000 00:15a6 9223372037161657973      /nix/store/scd5n7xsn0hh0lvhhnycr9gx0h8xfzsl-glibc-2.34-210/lib/libm.so.6
7fb6813c8000-7fb681435000 r-xp 0000d000 00:15a6 9223372037161657973      /nix/store/scd5n7xsn0hh0lvhhnycr9gx0h8xfzsl-glibc-2.34-210/lib/libm.so.6
7fb681435000-7fb681492000 r--p 0007a000 00:15a6 9223372037161657973      /nix/store/scd5n7xsn0hh0lvhhnycr9gx0h8xfzsl-glibc-2.34-210/lib/libm.so.6
7fb681492000-7fb681493000 r--p 000d6000 00:15a6 9223372037161657973      /nix/store/scd5n7xsn0hh0lvhhnycr9gx0h8xfzsl-glibc-2.34-210/lib/libm.so.6
7fb681493000-7fb681494000 rw-p 000d7000 00:15a6 9223372037161657973      /nix/store/scd5n7xsn0hh0lvhhnycr9gx0h8xfzsl-glibc-2.34-210/lib/libm.so.6
7fb681494000-7fb681495000 r--p 00000000 00:15a6 9223372037161658108      /nix/store/scd5n7xsn0hh0lvhhnycr9gx0h8xfzsl-glibc-2.34-210/lib/librt.so.1
7fb681495000-7fb681496000 r-xp 00001000 00:15a6 9223372037161658108      /nix/store/scd5n7xsn0hh0lvhhnycr9gx0h8xfzsl-glibc-2.34-210/lib/librt.so.1
7fb681496000-7fb681497000 r--p 00002000 00:15a6 9223372037161658108      /nix/store/scd5n7xsn0hh0lvhhnycr9gx0h8xfzsl-glibc-2.34-210/lib/librt.so.1
7fb681497000-7fb681498000 r--p 00002000 00:15a6 9223372037161658108      /nix/store/scd5n7xsn0hh0lvhhnycr9gx0h8xfzsl-glibc-2.34-210/lib/librt.so.1
7fb681498000-7fb681499000 rw-p 00003000 00:15a6 9223372037161658108      /nix/store/scd5n7xsn0hh0lvhhnycr9gx0h8xfzsl-glibc-2.34-210/lib/librt.so.1
7fb681499000-7fb6825ca000 r-xp 00000000 00:15a6 9223372037169257729      /nix/store/nfyj24p265scn3zp0pk0fm4rr5g7s2pf-graalvm17-ce-22.1.0/lib/server/libjvm.so
7fb6825ca000-7fb6825cb000 ---p 01131000 00:15a6 9223372037169257729      /nix/store/nfyj24p265scn3zp0pk0fm4rr5g7s2pf-graalvm17-ce-22.1.0/lib/server/libjvm.so
7fb6825cb000-7fb682680000 r--p 01131000 00:15a6 9223372037169257729      /nix/store/nfyj24p265scn3zp0pk0fm4rr5g7s2pf-graalvm17-ce-22.1.0/lib/server/libjvm.so
7fb682680000-7fb6826b3000 rw-p 011e6000 00:15a6 9223372037169257729      /nix/store/nfyj24p265scn3zp0pk0fm4rr5g7s2pf-graalvm17-ce-22.1.0/lib/server/libjvm.so
7fb6826b3000-7fb682710000 rw-p 00000000 00:00 0 
7fb682710000-7fb682738000 r--p 00000000 00:15a6 9223372037161657765      /nix/store/scd5n7xsn0hh0lvhhnycr9gx0h8xfzsl-glibc-2.34-210/lib/libc.so.6
7fb682738000-7fb6828a2000 r-xp 00028000 00:15a6 9223372037161657765      /nix/store/scd5n7xsn0hh0lvhhnycr9gx0h8xfzsl-glibc-2.34-210/lib/libc.so.6
7fb6828a2000-7fb6828fb000 r--p 00192000 00:15a6 9223372037161657765      /nix/store/scd5n7xsn0hh0lvhhnycr9gx0h8xfzsl-glibc-2.34-210/lib/libc.so.6
7fb6828fb000-7fb6828ff000 r--p 001ea000 00:15a6 9223372037161657765      /nix/store/scd5n7xsn0hh0lvhhnycr9gx0h8xfzsl-glibc-2.34-210/lib/libc.so.6
7fb6828ff000-7fb682901000 rw-p 001ee000 00:15a6 9223372037161657765      /nix/store/scd5n7xsn0hh0lvhhnycr9gx0h8xfzsl-glibc-2.34-210/lib/libc.so.6
7fb682901000-7fb68290e000 rw-p 00000000 00:00 0 
7fb68290e000-7fb68290f000 r--p 00000000 00:15a6 9223372037161657957      /nix/store/scd5n7xsn0hh0lvhhnycr9gx0h8xfzsl-glibc-2.34-210/lib/libdl.so.2
7fb68290f000-7fb682910000 r-xp 00001000 00:15a6 9223372037161657957      /nix/store/scd5n7xsn0hh0lvhhnycr9gx0h8xfzsl-glibc-2.34-210/lib/libdl.so.2
7fb682910000-7fb682911000 r--p 00002000 00:15a6 9223372037161657957      /nix/store/scd5n7xsn0hh0lvhhnycr9gx0h8xfzsl-glibc-2.34-210/lib/libdl.so.2
7fb682911000-7fb682912000 r--p 00002000 00:15a6 9223372037161657957      /nix/store/scd5n7xsn0hh0lvhhnycr9gx0h8xfzsl-glibc-2.34-210/lib/libdl.so.2
7fb682912000-7fb682913000 rw-p 00003000 00:15a6 9223372037161657957      /nix/store/scd5n7xsn0hh0lvhhnycr9gx0h8xfzsl-glibc-2.34-210/lib/libdl.so.2
7fb682913000-7fb682915000 rw-p 00000000 00:00 0 
7fb682915000-7fb682916000 r--p 00000000 00:15a6 9223372037161658097      /nix/store/scd5n7xsn0hh0lvhhnycr9gx0h8xfzsl-glibc-2.34-210/lib/libpthread.so.0
7fb682916000-7fb682917000 r-xp 00001000 00:15a6 9223372037161658097      /nix/store/scd5n7xsn0hh0lvhhnycr9gx0h8xfzsl-glibc-2.34-210/lib/libpthread.so.0
7fb682917000-7fb682918000 r--p 00002000 00:15a6 9223372037161658097      /nix/store/scd5n7xsn0hh0lvhhnycr9gx0h8xfzsl-glibc-2.34-210/lib/libpthread.so.0
7fb682918000-7fb682919000 r--p 00002000 00:15a6 9223372037161658097      /nix/store/scd5n7xsn0hh0lvhhnycr9gx0h8xfzsl-glibc-2.34-210/lib/libpthread.so.0
7fb682919000-7fb68291a000 rw-p 00003000 00:15a6 9223372037161658097      /nix/store/scd5n7xsn0hh0lvhhnycr9gx0h8xfzsl-glibc-2.34-210/lib/libpthread.so.0
7fb68291a000-7fb682929000 r-xp 00000000 00:15a6 9223372037169238279      /nix/store/nfyj24p265scn3zp0pk0fm4rr5g7s2pf-graalvm17-ce-22.1.0/lib/libjli.so
7fb682929000-7fb68292a000 r--p 0000e000 00:15a6 9223372037169238279      /nix/store/nfyj24p265scn3zp0pk0fm4rr5g7s2pf-graalvm17-ce-22.1.0/lib/libjli.so
7fb68292a000-7fb68292b000 rw-p 0000f000 00:15a6 9223372037169238279      /nix/store/nfyj24p265scn3zp0pk0fm4rr5g7s2pf-graalvm17-ce-22.1.0/lib/libjli.so
7fb68292b000-7fb68292c000 rw-p 00012000 00:15a6 9223372037169238279      /nix/store/nfyj24p265scn3zp0pk0fm4rr5g7s2pf-graalvm17-ce-22.1.0/lib/libjli.so
7fb68292c000-7fb68292f000 r--p 00000000 00:15a6 9223372037161707357      /nix/store/q7k32ydcqlram7f0l6b1y2c4cs07765y-zlib-1.2.12/lib/libz.so.1.2.12
7fb68292f000-7fb682941000 r-xp 00003000 00:15a6 9223372037161707357      /nix/store/q7k32ydcqlram7f0l6b1y2c4cs07765y-zlib-1.2.12/lib/libz.so.1.2.12
7fb682941000-7fb682948000 r--p 00015000 00:15a6 9223372037161707357      /nix/store/q7k32ydcqlram7f0l6b1y2c4cs07765y-zlib-1.2.12/lib/libz.so.1.2.12
7fb682948000-7fb682949000 r--p 0001b000 00:15a6 9223372037161707357      /nix/store/q7k32ydcqlram7f0l6b1y2c4cs07765y-zlib-1.2.12/lib/libz.so.1.2.12
7fb682949000-7fb68294a000 rw-p 0001c000 00:15a6 9223372037161707357      /nix/store/q7k32ydcqlram7f0l6b1y2c4cs07765y-zlib-1.2.12/lib/libz.so.1.2.12
7fb68294a000-7fb68294c000 rw-p 00000000 00:00 0 
7fb68294c000-7fb68294d000 r--p 00000000 00:15a6 9223372037161657730      /nix/store/scd5n7xsn0hh0lvhhnycr9gx0h8xfzsl-glibc-2.34-210/lib/ld-linux-x86-64.so.2
7fb68294d000-7fb682972000 r-xp 00001000 00:15a6 9223372037161657730      /nix/store/scd5n7xsn0hh0lvhhnycr9gx0h8xfzsl-glibc-2.34-210/lib/ld-linux-x86-64.so.2
7fb682972000-7fb68297c000 r--p 00026000 00:15a6 9223372037161657730      /nix/store/scd5n7xsn0hh0lvhhnycr9gx0h8xfzsl-glibc-2.34-210/lib/ld-linux-x86-64.so.2
7fb68297c000-7fb68297e000 r--p 0002f000 00:15a6 9223372037161657730      /nix/store/scd5n7xsn0hh0lvhhnycr9gx0h8xfzsl-glibc-2.34-210/lib/ld-linux-x86-64.so.2
7fb68297e000-7fb682980000 rw-p 00031000 00:15a6 9223372037161657730      /nix/store/scd5n7xsn0hh0lvhhnycr9gx0h8xfzsl-glibc-2.34-210/lib/ld-linux-x86-64.so.2
7fffd1885000-7fffd18a9000 rw-p 00000000 00:00 0                          [stack]
7fffd18fe000-7fffd1902000 r--p 00000000 00:00 0                          [vvar]
7fffd1902000-7fffd1904000 r-xp 00000000 00:00 0                          [vdso]
ffffffffff600000-ffffffffff601000 --xp 00000000 00:00 0                  [vsyscall]


VM Arguments:
jvm_args: -XX:ThreadPriorityPolicy=1 -XX:+UnlockExperimentalVMOptions -XX:+EnableJVMCIProduct -XX:-UnlockExperimentalVMOptions -Declipse.application=org.eclipse.jdt.ls.core.id1 -Dosgi.bundles.defaultStartLevel=4 -Declipse.product=org.eclipse.jdt.ls.core.product -Dlog.level=ALL -Xverify:none -XX:+UseParallelGC -XX:GCTimeRatio=4 -XX:AdaptiveSizePolicyWeight=90 -Dsun.zip.disableMemoryMapping=true -Xmx1024m -Xms100m 
java_command: /nix/store/ay4z1xvwjq4mvkfaqhf03d1iyfh1rk7r-jdt-language-server-1.9.0/share/java/plugins/org.eclipse.equinox.launcher_1.6.400.v20210924-0641.jar --add-modules=ALL-SYSTEM --add-opens java.base/java.util=ALL-UNNAMED --add-opens java.base/java.lang=ALL-UNNAMED -configuration /home/runner/.cache/jdt-language-server/config -data /home/runner/.cache/jdt-language-server/data/home/runner/ICS4U1-Culminating
java_class_path (initial): /nix/store/ay4z1xvwjq4mvkfaqhf03d1iyfh1rk7r-jdt-language-server-1.9.0/share/java/plugins/org.eclipse.equinox.launcher_1.6.400.v20210924-0641.jar
Launcher Type: SUN_STANDARD

[Global flags]
    uintx AdaptiveSizePolicyWeight                 = 90                                        {product} {command line}
     intx CICompilerCount                          = 3                                         {product} {ergonomic}
     bool EnableJVMCIProduct                       = true                                {JVMCI product} {jimage}
    uintx GCTimeRatio                              = 4                                         {product} {command line}
   size_t InitialHeapSize                          = 104857600                                 {product} {command line}
   size_t MaxHeapSize                              = 1073741824                                {product} {command line}
   size_t MaxNewSize                               = 357564416                                 {product} {ergonomic}
   size_t MinHeapDeltaBytes                        = 524288                                    {product} {ergonomic}
   size_t MinHeapSize                              = 104857600                                 {product} {command line}
   size_t NewSize                                  = 34603008                                  {product} {ergonomic}
    uintx NonNMethodCodeHeapSize                   = 5832780                                {pd product} {ergonomic}
    uintx NonProfiledCodeHeapSize                  = 122912730                              {pd product} {ergonomic}
   size_t OldSize                                  = 70254592                                  {product} {ergonomic}
    uintx ProfiledCodeHeapSize                     = 122912730                              {pd product} {ergonomic}
    uintx ReservedCodeCacheSize                    = 251658240                              {pd product} {ergonomic}
     bool SegmentedCodeCache                       = true                                      {product} {ergonomic}
   size_t SoftMaxHeapSize                          = 1073741824                             {manageable} {ergonomic}
     intx ThreadPriorityPolicy                     = 1                                         {product} {jimage}
     bool UseCompressedClassPointers               = true                           {product lp64_product} {ergonomic}
     bool UseCompressedOops                        = true                           {product lp64_product} {ergonomic}
     bool UseParallelGC                            = true                                      {product} {command line}

Logging:
Log output configuration:
 #0: stdout all=warning uptime,level,tags
 #1: stderr all=off uptime,level,tags

Environment Variables:
JAVA_HOME=/nix/store/nfyj24p265scn3zp0pk0fm4rr5g7s2pf-graalvm17-ce-22.1.0
PATH=/nix/store/wp7kc5y840ldi5sd8j81fj4dabccff2d-binutils-wrapper-2.38/bin:/nix/store/ag2bpk0lzjvj409znklrz5krkpc5imzs-gcc-wrapper-11.3.0/bin:/nix/store/v48s6iddb518j9lc1pk3rcn3x8c2ff0j-bash-interactive-5.1-p16/bin:/nix/store/knssayvl4p7gfapib4wcfhzy14169kva-patchelf-0.14.5/bin:/nix/store/as1xzrm2921pnxx4jvxj39jn4v88wdy1-gcc-11.3.0/bin:/nix/store/h0cnbmfcn93xm5dg2x27ixhag1cwndga-glibc-2.34-210-bin/bin:/nix/store/7jr7pr4c6yb85xpzay5xafs5zlcadkhz-coreutils-9.0/bin:/nix/store/rq6bh3qfrqnyqwik0w3q6w180zg3w2pa-binutils-2.38/bin:/nix/store/nhbpqbwmfg2n6m19sdxf4hzgfzmblg5p-unzip-6.0/bin:/nix/store/nfyj24p265scn3zp0pk0fm4rr5g7s2pf-graalvm17-ce-22.1.0/bin:/nix/store/13zd7dmzpnzd1zhc8kh5lvzpbfal9rnx-apache-maven-3.8.5/bin:/nix/store/ay4z1xvwjq4mvkfaqhf03d1iyfh1rk7r-jdt-language-server-1.9.0/bin:/nix/store/s1v4xn1dd905vgrv074h7n20b3p2z8rx-java-debug/bin:/nix/store/140f6s4nwiawrr3xyxarmcv2mk62m62y-findutils-4.9.0/bin:/nix/store/35swvg68q1j3m9fbhcdnqwk9mlm8plvn-diffutils-3.8/bin:/nix/store/lgvd2fh4cndlv8mnyy49jp1nplpml3xp-gnused-4.8/bin:/nix/store/qd9jxc0q00cr7fp30y6jbbww20gj33lg-gnugrep-3.7/bin:/nix/store/w3p77mkdy3pigg12iyha8y9dqakhjsxn-gawk-5.1.1/bin:/nix/store/jm7czg4lgfhiphkyjwn1k1i8liqqizgi-gnutar-1.34/bin:/nix/store/vqpkbr3isafl4867app44w636zrkr9wp-gzip-1.12/bin:/nix/store/fkwcqfw3gcspmpmxqxqnxjja74sg207g-bzip2-1.0.6.0.2-bin/bin:/nix/store/4gkcrzpn31sb12fnzclyfzhpd8xh8l6x-gnumake-4.3/bin:/nix/store/iffl6dlplhv22i2xy7n1w51a5r631kmi-bash-5.1-p16/bin:/nix/store/c0hmdlwdd85gzmilafg4gzzdb2vpg176-patch-2.7.6/bin:/nix/store/kyg5qxx0nl5hfjx0kgw120b85i4l6i8y-xz-5.2.5-bin/bin:/nix/store/sgqd0ajghcv2axfl1lad0b1alyavp0dc-prybar-elisp-0.0.0-67f7a00/bin:/nix/store/p3hsvljpgs68jqwar41lc0jqhjj734lf-prybar-lua-0.0.0-67f7a00/bin:/nix/store/qzxs2gybds3s9kb1vkaflpgm2nwr85fh-prybar-python3-0.0.0-67f7a00/bin:/nix/store/km94z9mxp8w4m8gxxp5mbfpdf3nkfvd8-prybar-sqlite-0.0.0-67f7a00/bin:/nix/store/2pnc7b76asw0z59c4l6h6qy8arwqrii1-prybar-tcl-0.0.0-67f7a00/bin:/nix/store/hpbvrlwd5viqmvcaisb3x0118i913a9
LD_LIBRARY_PATH=/nix/store/z7ff1q791ar3ghh8fcmiblaq654sw220-cups-2.4.2-lib/lib:/nix/store/yvzlx032kf9kn507y7iyrqxspfypvnnr-cairo-1.16.0/lib:/nix/store/s7yq6ngnxf4gsp4263q7xywfjihh5mpn-glib-2.72.2/lib:/nix/store/sqhmx15c0ici7qsy4ambqhkic76pc7fq-gtk+3-3.24.34/lib:/nix/store/31359c9yjmw4c45172z6xmpjz2wsh0zk-libX11-1.7.2/lib:/nix/store/f7ky6a411axs3g59fc11prpdkj74g73y-libXxf86vm-1.1.4/lib:/nix/store/jgbz5srd7klkvvq6l3dhq6y7g3k104hi-libGL-1.4.0/lib:/nix/store/zxxfn6a37s53lpzxz9fnr1hjpczwkq2f-libXtst-1.2.3/lib:/nix/store/hisqvx32cd57apbpcsnkpx6k3549wql1-libglvnd-1.4.0/lib:/nix/store/p36pgcv991mq5srvg765b78yqpxvk3qs-mesa-21.3.3-drivers/lib:/nix/store/mav4251if1ahjq5vkpwycyyvnmy459c4-pulseaudio-14.2/lib
DISPLAY=:0
LANG=en_US.UTF-8

Signal Handlers:
   SIGSEGV: crash_handler in libjvm.so, mask=11100100010111111101111111111110, flags=SA_RESTART|SA_SIGINFO
    SIGBUS: crash_handler in libjvm.so, mask=11100100010111111101111111111110, flags=SA_RESTART|SA_SIGINFO
    SIGFPE: crash_handler in libjvm.so, mask=11100100010111111101111111111110, flags=SA_RESTART|SA_SIGINFO
   SIGPIPE: javaSignalHandler in libjvm.so, mask=11100100010111111101111111111110, flags=SA_RESTART|SA_SIGINFO
   SIGXFSZ: javaSignalHandler in libjvm.so, mask=11100100010111111101111111111110, flags=SA_RESTART|SA_SIGINFO
    SIGILL: crash_handler in libjvm.so, mask=11100100010111111101111111111110, flags=SA_RESTART|SA_SIGINFO
   SIGUSR2: SR_handler in libjvm.so, mask=00000000000000000000000000000000, flags=SA_RESTART|SA_SIGINFO
    SIGHUP: UserHandler in libjvm.so, mask=11100100010111111101111111111110, flags=SA_RESTART|SA_SIGINFO
    SIGINT: UserHandler in libjvm.so, mask=11100100010111111101111111111110, flags=SA_RESTART|SA_SIGINFO
   SIGTERM: UserHandler in libjvm.so, mask=11100100010111111101111111111110, flags=SA_RESTART|SA_SIGINFO
   SIGQUIT: UserHandler in libjvm.so, mask=11100100010111111101111111111110, flags=SA_RESTART|SA_SIGINFO
  *** Handler was modified!
  *** Expected: javaSignalHandler in libjvm.so, mask=11100100110111111111111111111110, flags=SA_RESTART|SA_SIGINFO
   SIGTRAP: crash_handler in libjvm.so, mask=11100100010111111101111111111110, flags=SA_RESTART|SA_SIGINFO


---------------  S Y S T E M  ---------------

OS:
DISTRIB_ID=Ubuntu
DISTRIB_RELEASE=20.04
DISTRIB_CODENAME=focal
DISTRIB_DESCRIPTION="Ubuntu 20.04.2 LTS"
uname: Linux 5.15.0-1027-gcp #34~20.04.1-Ubuntu SMP Mon Jan 9 18:40:09 UTC 2023 x86_64
OS uptime: 0 days 11:19 hours
libc: glibc 2.34 NPTL 2.34 
rlimit (soft/hard): STACK 8192k/infinity , CORE infinity/infinity , NPROC infinity/infinity , NOFILE 41943/41943 , AS infinity/infinity , CPU infinity/infinity , DATA infinity/infinity , FSIZE infinity/infinity , MEMLOCK 64k/64k
load average: 20.11 20.73 19.27

/proc/meminfo:
MemTotal:       65850812 kB
MemFree:        14674172 kB
MemAvailable:   28098292 kB
Buffers:          756620 kB
Cached:         10826276 kB
SwapCached:            0 kB
Active:          4383472 kB
Inactive:       40867240 kB
Active(anon):     134496 kB
Inactive(anon): 33031408 kB
Active(file):    4248976 kB
Inactive(file):  7835832 kB
Unevictable:       43136 kB
Mlocked:           43136 kB
SwapTotal:             0 kB
SwapFree:              0 kB
Dirty:             32244 kB
Writeback:             4 kB
AnonPages:      33440044 kB
Mapped:          1877844 kB
Shmem:             56836 kB
KReclaimable:    2065888 kB
Slab:            3728640 kB
SReclaimable:    2065888 kB
SUnreclaim:      1662752 kB
KernelStack:      458856 kB
PageTables:       443376 kB
NFS_Unstable:          0 kB
Bounce:                0 kB
WritebackTmp:          0 kB
CommitLimit:    32925404 kB
Committed_AS:   84700608 kB
VmallocTotal:   34359738367 kB
VmallocUsed:      501796 kB
VmallocChunk:          0 kB
Percpu:           128576 kB
HardwareCorrupted:     0 kB
AnonHugePages:    774144 kB
ShmemHugePages:        0 kB
ShmemPmdMapped:        0 kB
FileHugePages:         0 kB
FilePmdMapped:         0 kB
HugePages_Total:       0
HugePages_Free:        0
HugePages_Rsvd:        0
HugePages_Surp:        0
Hugepagesize:       2048 kB
Hugetlb:               0 kB
DirectMap4k:     7334720 kB
DirectMap2M:    54528000 kB
DirectMap1G:     7340032 kB

/sys/kernel/mm/transparent_hugepage/enabled: always [madvise] never
/sys/kernel/mm/transparent_hugepage/defrag (defrag/compaction efforts parameter): always defer defer+madvise [madvise] never

Process Memory:
Virtual Size: 5638376K (peak: 5678776K)
Resident Set Size: 717924K (peak: 835784K) (anon: 513540K, file: 204384K, shmem: 0K)
Swapped out: 0K
C-Heap outstanding allocations: 25377K

/proc/sys/kernel/threads-max (system-wide limit on the number of threads): 514391
/proc/sys/vm/max_map_count (maximum number of memory map areas a process may have): 65530
/proc/sys/kernel/pid_max (system-wide limit on number of process identifiers): 4194304

container (cgroup) information:
container_type: cgroupv1
cpu_cpuset_cpus: 4-15
cpu_memory_nodes: 0
active_processor_count: 4
cpu_quota: 400000
cpu_period: 100000
cpu_shares: 4096
memory_limit_in_bytes: 4294967296
memory_and_swap_limit_in_bytes: 4294967296
memory_soft_limit_in_bytes: 4294967296
memory_usage_in_bytes: 897822720
memory_max_usage_in_bytes: 1013420032
maximum number of tasks: 1000
current number of tasks: 47

KVM virtualization detected
Steal ticks since vm start: 0
Steal ticks percentage since vm start:  0.000

CPU: total 16 (initial active 4) (16 cores per cpu, 2 threads per core) family 23 model 49 stepping 0 microcode 0xffffffff, cx8, cmov, fxsr, ht, mmx, 3dnowpref, sse, sse2, sse3, ssse3, sse4a, sse4.1, sse4.2, popcnt, lzcnt, tsc, tscinvbit, avx, avx2, aes, clmul, bmi1, bmi2, adx, sha, fma, vzeroupper, clflush, clflushopt, hv
CPU Model and flags from /proc/cpuinfo:
model name	: AMD EPYC 7B12
flags		: fpu vme de pse tsc msr pae mce cx8 apic sep mtrr pge mca cmov pat pse36 clflush mmx fxsr sse sse2 ht syscall nx mmxext fxsr_opt pdpe1gb rdtscp lm constant_tsc rep_good nopl nonstop_tsc cpuid extd_apicid tsc_known_freq pni pclmulqdq ssse3 fma cx16 sse4_1 sse4_2 movbe popcnt aes xsave avx f16c rdrand hypervisor lahf_lm cmp_legacy cr8_legacy abm sse4a misalignsse 3dnowprefetch osvw topoext ssbd ibrs ibpb stibp vmmcall fsgsbase tsc_adjust bmi1 avx2 smep bmi2 rdseed adx smap clflushopt clwb sha_ni xsaveopt xsavec xgetbv1 clzero xsaveerptr arat npt nrip_save umip rdpid

Online cpus: 0-15
Offline cpus: 
BIOS frequency limitation: <Not Available>
Frequency switch latency (ns): <Not Available>
Available cpu frequencies: <Not Available>
Current governor: <Not Available>
Core performance/turbo boost: <Not Available>

Memory: 4k page, physical 4194304k(3317516k free), swap 0k(0k free)
Page Sizes: 4k

vm_info: OpenJDK 64-Bit Server VM (17.0.3+7-jvmci-22.1-b06) for linux-amd64 JRE (17.0.3+7-jvmci-22.1-b06), built on Apr 20 2022 11:56:33 by "buildslave" with gcc 10.3.0

END.
